{"C:\\Users\\felix\\Desktop\\moto\\bitcoin\\src\\address.js":{"path":"C:\\Users\\felix\\Desktop\\moto\\bitcoin\\src\\address.js","statementMap":{"0":{"start":{"line":2,"column":0},"end":{"line":2,"column":62}},"1":{"start":{"line":3,"column":0},"end":{"line":9,"column":15}},"2":{"start":{"line":19,"column":17},"end":{"line":19,"column":38}},"3":{"start":{"line":20,"column":17},"end":{"line":20,"column":38}},"4":{"start":{"line":21,"column":16},"end":{"line":21,"column":35}},"5":{"start":{"line":22,"column":16},"end":{"line":22,"column":34}},"6":{"start":{"line":23,"column":17},"end":{"line":23,"column":34}},"7":{"start":{"line":24,"column":18},"end":{"line":24,"column":38}},"8":{"start":{"line":25,"column":31},"end":{"line":25,"column":33}},"9":{"start":{"line":26,"column":31},"end":{"line":26,"column":32}},"10":{"start":{"line":27,"column":34},"end":{"line":27,"column":36}},"11":{"start":{"line":28,"column":34},"end":{"line":28,"column":35}},"12":{"start":{"line":29,"column":35},"end":{"line":29,"column":39}},"13":{"start":{"line":31,"column":4},"end":{"line":34,"column":65}},"14":{"start":{"line":36,"column":17},"end":{"line":36,"column":32}},"15":{"start":{"line":37,"column":4},"end":{"line":41,"column":73}},"16":{"start":{"line":41,"column":8},"end":{"line":41,"column":73}},"17":{"start":{"line":42,"column":20},"end":{"line":42,"column":58}},"18":{"start":{"line":43,"column":4},"end":{"line":47,"column":66}},"19":{"start":{"line":47,"column":8},"end":{"line":47,"column":66}},"20":{"start":{"line":48,"column":4},"end":{"line":49,"column":65}},"21":{"start":{"line":49,"column":8},"end":{"line":49,"column":65}},"22":{"start":{"line":50,"column":4},"end":{"line":50,"column":48}},"23":{"start":{"line":51,"column":4},"end":{"line":51,"column":51}},"24":{"start":{"line":57,"column":20},"end":{"line":57,"column":58}},"25":{"start":{"line":59,"column":4},"end":{"line":59,"column":76}},"26":{"start":{"line":59,"column":29},"end":{"line":59,"column":76}},"27":{"start":{"line":60,"column":4},"end":{"line":60,"column":75}},"28":{"start":{"line":60,"column":29},"end":{"line":60,"column":75}},"29":{"start":{"line":61,"column":20},"end":{"line":61,"column":40}},"30":{"start":{"line":62,"column":17},"end":{"line":62,"column":33}},"31":{"start":{"line":63,"column":4},"end":{"line":63,"column":29}},"32":{"start":{"line":65,"column":0},"end":{"line":65,"column":42}},"33":{"start":{"line":72,"column":4},"end":{"line":74,"column":18}},"34":{"start":{"line":73,"column":8},"end":{"line":73,"column":49}},"35":{"start":{"line":75,"column":4},"end":{"line":84,"column":5}},"36":{"start":{"line":76,"column":8},"end":{"line":76,"column":34}},"37":{"start":{"line":77,"column":8},"end":{"line":78,"column":66}},"38":{"start":{"line":78,"column":12},"end":{"line":78,"column":66}},"39":{"start":{"line":80,"column":8},"end":{"line":80,"column":50}},"40":{"start":{"line":81,"column":8},"end":{"line":81,"column":34}},"41":{"start":{"line":82,"column":8},"end":{"line":83,"column":66}},"42":{"start":{"line":83,"column":12},"end":{"line":83,"column":66}},"43":{"start":{"line":85,"column":17},"end":{"line":85,"column":65}},"44":{"start":{"line":86,"column":4},"end":{"line":90,"column":6}},"45":{"start":{"line":92,"column":0},"end":{"line":92,"column":32}},"46":{"start":{"line":97,"column":4},"end":{"line":100,"column":6}},"47":{"start":{"line":101,"column":20},"end":{"line":101,"column":42}},"48":{"start":{"line":102,"column":4},"end":{"line":102,"column":35}},"49":{"start":{"line":103,"column":4},"end":{"line":103,"column":26}},"50":{"start":{"line":104,"column":4},"end":{"line":104,"column":37}},"51":{"start":{"line":106,"column":0},"end":{"line":106,"column":38}},"52":{"start":{"line":111,"column":18},"end":{"line":111,"column":47}},"53":{"start":{"line":112,"column":4},"end":{"line":112,"column":27}},"54":{"start":{"line":113,"column":4},"end":{"line":115,"column":49}},"55":{"start":{"line":117,"column":0},"end":{"line":117,"column":28}},"56":{"start":{"line":123,"column":4},"end":{"line":123,"column":42}},"57":{"start":{"line":124,"column":4},"end":{"line":126,"column":18}},"58":{"start":{"line":125,"column":8},"end":{"line":125,"column":59}},"59":{"start":{"line":127,"column":4},"end":{"line":129,"column":18}},"60":{"start":{"line":128,"column":8},"end":{"line":128,"column":58}},"61":{"start":{"line":130,"column":4},"end":{"line":132,"column":18}},"62":{"start":{"line":131,"column":8},"end":{"line":131,"column":60}},"63":{"start":{"line":133,"column":4},"end":{"line":135,"column":18}},"64":{"start":{"line":134,"column":8},"end":{"line":134,"column":59}},"65":{"start":{"line":136,"column":4},"end":{"line":138,"column":18}},"66":{"start":{"line":137,"column":8},"end":{"line":137,"column":58}},"67":{"start":{"line":139,"column":4},"end":{"line":141,"column":18}},"68":{"start":{"line":140,"column":8},"end":{"line":140,"column":55}},"69":{"start":{"line":142,"column":4},"end":{"line":142,"column":72}},"70":{"start":{"line":144,"column":0},"end":{"line":144,"column":44}},"71":{"start":{"line":149,"column":4},"end":{"line":149,"column":42}},"72":{"start":{"line":152,"column":4},"end":{"line":154,"column":18}},"73":{"start":{"line":153,"column":8},"end":{"line":153,"column":48}},"74":{"start":{"line":155,"column":4},"end":{"line":188,"column":5}},"75":{"start":{"line":156,"column":8},"end":{"line":157,"column":70}},"76":{"start":{"line":157,"column":12},"end":{"line":157,"column":70}},"77":{"start":{"line":158,"column":8},"end":{"line":159,"column":69}},"78":{"start":{"line":159,"column":12},"end":{"line":159,"column":69}},"79":{"start":{"line":161,"column":8},"end":{"line":163,"column":22}},"80":{"start":{"line":162,"column":12},"end":{"line":162,"column":47}},"81":{"start":{"line":164,"column":8},"end":{"line":187,"column":9}},"82":{"start":{"line":165,"column":12},"end":{"line":166,"column":68}},"83":{"start":{"line":166,"column":16},"end":{"line":166,"column":68}},"84":{"start":{"line":167,"column":12},"end":{"line":186,"column":13}},"85":{"start":{"line":168,"column":16},"end":{"line":169,"column":79}},"86":{"start":{"line":169,"column":20},"end":{"line":169,"column":79}},"87":{"start":{"line":170,"column":16},"end":{"line":171,"column":78}},"88":{"start":{"line":171,"column":20},"end":{"line":171,"column":78}},"89":{"start":{"line":172,"column":19},"end":{"line":186,"column":13}},"90":{"start":{"line":173,"column":16},"end":{"line":174,"column":79}},"91":{"start":{"line":174,"column":20},"end":{"line":174,"column":79}},"92":{"start":{"line":175,"column":19},"end":{"line":186,"column":13}},"93":{"start":{"line":181,"column":16},"end":{"line":181,"column":60}},"94":{"start":{"line":182,"column":16},"end":{"line":185,"column":19}},"95":{"start":{"line":189,"column":4},"end":{"line":189,"column":39}},"96":{"start":{"line":191,"column":0},"end":{"line":191,"column":40}}},"fnMap":{"0":{"name":"_toFutureSegwitAddress","decl":{"start":{"line":35,"column":9},"end":{"line":35,"column":31}},"loc":{"start":{"line":35,"column":49},"end":{"line":52,"column":1}},"line":35},"1":{"name":"fromBase58Check","decl":{"start":{"line":56,"column":9},"end":{"line":56,"column":24}},"loc":{"start":{"line":56,"column":34},"end":{"line":64,"column":1}},"line":56},"2":{"name":"fromBech32","decl":{"start":{"line":69,"column":9},"end":{"line":69,"column":19}},"loc":{"start":{"line":69,"column":29},"end":{"line":91,"column":1}},"line":69},"3":{"name":"toBase58Check","decl":{"start":{"line":96,"column":9},"end":{"line":96,"column":22}},"loc":{"start":{"line":96,"column":38},"end":{"line":105,"column":1}},"line":96},"4":{"name":"toBech32","decl":{"start":{"line":110,"column":9},"end":{"line":110,"column":17}},"loc":{"start":{"line":110,"column":41},"end":{"line":116,"column":1}},"line":110},"5":{"name":"fromOutputScript","decl":{"start":{"line":121,"column":9},"end":{"line":121,"column":25}},"loc":{"start":{"line":121,"column":43},"end":{"line":143,"column":1}},"line":121},"6":{"name":"toOutputScript","decl":{"start":{"line":148,"column":9},"end":{"line":148,"column":23}},"loc":{"start":{"line":148,"column":42},"end":{"line":190,"column":1}},"line":148}},"branchMap":{"0":{"loc":{"start":{"line":37,"column":4},"end":{"line":41,"column":73}},"type":"if","locations":[{"start":{"line":37,"column":4},"end":{"line":41,"column":73}},{"start":{"line":37,"column":4},"end":{"line":41,"column":73}}],"line":37},"1":{"loc":{"start":{"line":38,"column":8},"end":{"line":39,"column":44}},"type":"binary-expr","locations":[{"start":{"line":38,"column":8},"end":{"line":38,"column":44}},{"start":{"line":39,"column":8},"end":{"line":39,"column":44}}],"line":38},"2":{"loc":{"start":{"line":43,"column":4},"end":{"line":47,"column":66}},"type":"if","locations":[{"start":{"line":43,"column":4},"end":{"line":47,"column":66}},{"start":{"line":43,"column":4},"end":{"line":47,"column":66}}],"line":43},"3":{"loc":{"start":{"line":44,"column":8},"end":{"line":45,"column":43}},"type":"binary-expr","locations":[{"start":{"line":44,"column":8},"end":{"line":44,"column":43}},{"start":{"line":45,"column":8},"end":{"line":45,"column":43}}],"line":44},"4":{"loc":{"start":{"line":48,"column":4},"end":{"line":49,"column":65}},"type":"if","locations":[{"start":{"line":48,"column":4},"end":{"line":49,"column":65}},{"start":{"line":48,"column":4},"end":{"line":49,"column":65}}],"line":48},"5":{"loc":{"start":{"line":59,"column":4},"end":{"line":59,"column":76}},"type":"if","locations":[{"start":{"line":59,"column":4},"end":{"line":59,"column":76}},{"start":{"line":59,"column":4},"end":{"line":59,"column":76}}],"line":59},"6":{"loc":{"start":{"line":60,"column":4},"end":{"line":60,"column":75}},"type":"if","locations":[{"start":{"line":60,"column":4},"end":{"line":60,"column":75}},{"start":{"line":60,"column":4},"end":{"line":60,"column":75}}],"line":60},"7":{"loc":{"start":{"line":75,"column":4},"end":{"line":84,"column":5}},"type":"if","locations":[{"start":{"line":75,"column":4},"end":{"line":84,"column":5}},{"start":{"line":75,"column":4},"end":{"line":84,"column":5}}],"line":75},"8":{"loc":{"start":{"line":77,"column":8},"end":{"line":78,"column":66}},"type":"if","locations":[{"start":{"line":77,"column":8},"end":{"line":78,"column":66}},{"start":{"line":77,"column":8},"end":{"line":78,"column":66}}],"line":77},"9":{"loc":{"start":{"line":82,"column":8},"end":{"line":83,"column":66}},"type":"if","locations":[{"start":{"line":82,"column":8},"end":{"line":83,"column":66}},{"start":{"line":82,"column":8},"end":{"line":83,"column":66}}],"line":82},"10":{"loc":{"start":{"line":113,"column":11},"end":{"line":115,"column":48}},"type":"cond-expr","locations":[{"start":{"line":114,"column":10},"end":{"line":114,"column":47}},{"start":{"line":115,"column":10},"end":{"line":115,"column":48}}],"line":113},"11":{"loc":{"start":{"line":123,"column":14},"end":{"line":123,"column":41}},"type":"binary-expr","locations":[{"start":{"line":123,"column":14},"end":{"line":123,"column":21}},{"start":{"line":123,"column":25},"end":{"line":123,"column":41}}],"line":123},"12":{"loc":{"start":{"line":149,"column":14},"end":{"line":149,"column":41}},"type":"binary-expr","locations":[{"start":{"line":149,"column":14},"end":{"line":149,"column":21}},{"start":{"line":149,"column":25},"end":{"line":149,"column":41}}],"line":149},"13":{"loc":{"start":{"line":155,"column":4},"end":{"line":188,"column":5}},"type":"if","locations":[{"start":{"line":155,"column":4},"end":{"line":188,"column":5}},{"start":{"line":155,"column":4},"end":{"line":188,"column":5}}],"line":155},"14":{"loc":{"start":{"line":156,"column":8},"end":{"line":157,"column":70}},"type":"if","locations":[{"start":{"line":156,"column":8},"end":{"line":157,"column":70}},{"start":{"line":156,"column":8},"end":{"line":157,"column":70}}],"line":156},"15":{"loc":{"start":{"line":158,"column":8},"end":{"line":159,"column":69}},"type":"if","locations":[{"start":{"line":158,"column":8},"end":{"line":159,"column":69}},{"start":{"line":158,"column":8},"end":{"line":159,"column":69}}],"line":158},"16":{"loc":{"start":{"line":164,"column":8},"end":{"line":187,"column":9}},"type":"if","locations":[{"start":{"line":164,"column":8},"end":{"line":187,"column":9}},{"start":{"line":164,"column":8},"end":{"line":187,"column":9}}],"line":164},"17":{"loc":{"start":{"line":165,"column":12},"end":{"line":166,"column":68}},"type":"if","locations":[{"start":{"line":165,"column":12},"end":{"line":166,"column":68}},{"start":{"line":165,"column":12},"end":{"line":166,"column":68}}],"line":165},"18":{"loc":{"start":{"line":167,"column":12},"end":{"line":186,"column":13}},"type":"if","locations":[{"start":{"line":167,"column":12},"end":{"line":186,"column":13}},{"start":{"line":167,"column":12},"end":{"line":186,"column":13}}],"line":167},"19":{"loc":{"start":{"line":168,"column":16},"end":{"line":169,"column":79}},"type":"if","locations":[{"start":{"line":168,"column":16},"end":{"line":169,"column":79}},{"start":{"line":168,"column":16},"end":{"line":169,"column":79}}],"line":168},"20":{"loc":{"start":{"line":170,"column":16},"end":{"line":171,"column":78}},"type":"if","locations":[{"start":{"line":170,"column":16},"end":{"line":171,"column":78}},{"start":{"line":170,"column":16},"end":{"line":171,"column":78}}],"line":170},"21":{"loc":{"start":{"line":172,"column":19},"end":{"line":186,"column":13}},"type":"if","locations":[{"start":{"line":172,"column":19},"end":{"line":186,"column":13}},{"start":{"line":172,"column":19},"end":{"line":186,"column":13}}],"line":172},"22":{"loc":{"start":{"line":173,"column":16},"end":{"line":174,"column":79}},"type":"if","locations":[{"start":{"line":173,"column":16},"end":{"line":174,"column":79}},{"start":{"line":173,"column":16},"end":{"line":174,"column":79}}],"line":173},"23":{"loc":{"start":{"line":175,"column":19},"end":{"line":186,"column":13}},"type":"if","locations":[{"start":{"line":175,"column":19},"end":{"line":186,"column":13}},{"start":{"line":175,"column":19},"end":{"line":186,"column":13}}],"line":175},"24":{"loc":{"start":{"line":176,"column":16},"end":{"line":179,"column":66}},"type":"binary-expr","locations":[{"start":{"line":176,"column":16},"end":{"line":176,"column":65}},{"start":{"line":177,"column":16},"end":{"line":177,"column":65}},{"start":{"line":178,"column":16},"end":{"line":178,"column":66}},{"start":{"line":179,"column":16},"end":{"line":179,"column":66}}],"line":176}},"s":{"0":1,"1":1,"2":1,"3":1,"4":1,"5":1,"6":1,"7":1,"8":1,"9":1,"10":1,"11":1,"12":1,"13":1,"14":0,"15":0,"16":0,"17":0,"18":0,"19":0,"20":0,"21":0,"22":0,"23":0,"24":0,"25":0,"26":0,"27":0,"28":0,"29":0,"30":0,"31":0,"32":1,"33":0,"34":0,"35":0,"36":0,"37":0,"38":0,"39":0,"40":0,"41":0,"42":0,"43":0,"44":0,"45":1,"46":0,"47":0,"48":0,"49":0,"50":0,"51":1,"52":0,"53":0,"54":0,"55":1,"56":0,"57":0,"58":0,"59":0,"60":0,"61":0,"62":0,"63":0,"64":0,"65":0,"66":0,"67":0,"68":0,"69":0,"70":1,"71":0,"72":0,"73":0,"74":0,"75":0,"76":0,"77":0,"78":0,"79":0,"80":0,"81":0,"82":0,"83":0,"84":0,"85":0,"86":0,"87":0,"88":0,"89":0,"90":0,"91":0,"92":0,"93":0,"94":0,"95":0,"96":1},"f":{"0":0,"1":0,"2":0,"3":0,"4":0,"5":0,"6":0},"b":{"0":[0,0],"1":[0,0],"2":[0,0],"3":[0,0],"4":[0,0],"5":[0,0],"6":[0,0],"7":[0,0],"8":[0,0],"9":[0,0],"10":[0,0],"11":[0,0],"12":[0,0],"13":[0,0],"14":[0,0],"15":[0,0],"16":[0,0],"17":[0,0],"18":[0,0],"19":[0,0],"20":[0,0],"21":[0,0],"22":[0,0],"23":[0,0],"24":[0,0,0,0]},"_coverageSchema":"1a1c01bbd47fc00a2c39e90264f33305004495a9","hash":"dd246999e827325c66865c2bc1f23eed844e0ddb","contentHash":"277b9bfd57980690e45015bd2940bfb26bee75d16148227bd001d60f98eb7aa7"},"C:\\Users\\felix\\Desktop\\moto\\bitcoin\\src\\networks.js":{"path":"C:\\Users\\felix\\Desktop\\moto\\bitcoin\\src\\networks.js","statementMap":{"0":{"start":{"line":4,"column":0},"end":{"line":4,"column":62}},"1":{"start":{"line":5,"column":0},"end":{"line":16,"column":15}},"2":{"start":{"line":20,"column":0},"end":{"line":54,"column":2}},"3":{"start":{"line":58,"column":0},"end":{"line":68,"column":2}},"4":{"start":{"line":72,"column":0},"end":{"line":82,"column":2}},"5":{"start":{"line":96,"column":0},"end":{"line":106,"column":2}},"6":{"start":{"line":120,"column":0},"end":{"line":130,"column":2}},"7":{"start":{"line":134,"column":0},"end":{"line":144,"column":2}},"8":{"start":{"line":148,"column":0},"end":{"line":158,"column":2}},"9":{"start":{"line":164,"column":0},"end":{"line":176,"column":2}},"10":{"start":{"line":180,"column":0},"end":{"line":190,"column":2}},"11":{"start":{"line":194,"column":0},"end":{"line":206,"column":2}},"12":{"start":{"line":210,"column":0},"end":{"line":220,"column":2}}},"fnMap":{},"branchMap":{},"s":{"0":1,"1":1,"2":1,"3":1,"4":1,"5":1,"6":1,"7":1,"8":1,"9":1,"10":1,"11":1,"12":1},"f":{},"b":{},"_coverageSchema":"1a1c01bbd47fc00a2c39e90264f33305004495a9","hash":"b77a645edfe8a2f78e2aecafb72b9dc2c92b7dd7","contentHash":"42d26ecd97fc69721a4a11da713e621d8fdaedf5aecf26f0fcbd9ccfe26c36c0"},"C:\\Users\\felix\\Desktop\\moto\\bitcoin\\src\\payments\\index.js":{"path":"C:\\Users\\felix\\Desktop\\moto\\bitcoin\\src\\payments\\index.js","statementMap":{"0":{"start":{"line":2,"column":0},"end":{"line":2,"column":62}},"1":{"start":{"line":3,"column":0},"end":{"line":11,"column":15}},"2":{"start":{"line":12,"column":16},"end":{"line":12,"column":34}},"3":{"start":{"line":13,"column":0},"end":{"line":18,"column":3}},"4":{"start":{"line":16,"column":8},"end":{"line":16,"column":30}},"5":{"start":{"line":19,"column":15},"end":{"line":19,"column":32}},"6":{"start":{"line":20,"column":0},"end":{"line":25,"column":3}},"7":{"start":{"line":23,"column":8},"end":{"line":23,"column":27}},"8":{"start":{"line":26,"column":15},"end":{"line":26,"column":32}},"9":{"start":{"line":27,"column":0},"end":{"line":32,"column":3}},"10":{"start":{"line":30,"column":8},"end":{"line":30,"column":27}},"11":{"start":{"line":33,"column":16},"end":{"line":33,"column":34}},"12":{"start":{"line":34,"column":0},"end":{"line":39,"column":3}},"13":{"start":{"line":37,"column":8},"end":{"line":37,"column":29}},"14":{"start":{"line":40,"column":15},"end":{"line":40,"column":32}},"15":{"start":{"line":41,"column":0},"end":{"line":46,"column":3}},"16":{"start":{"line":44,"column":8},"end":{"line":44,"column":27}},"17":{"start":{"line":47,"column":17},"end":{"line":47,"column":36}},"18":{"start":{"line":48,"column":0},"end":{"line":53,"column":3}},"19":{"start":{"line":51,"column":8},"end":{"line":51,"column":31}},"20":{"start":{"line":54,"column":16},"end":{"line":54,"column":34}},"21":{"start":{"line":55,"column":0},"end":{"line":60,"column":3}},"22":{"start":{"line":58,"column":8},"end":{"line":58,"column":29}},"23":{"start":{"line":61,"column":15},"end":{"line":61,"column":32}},"24":{"start":{"line":62,"column":0},"end":{"line":67,"column":3}},"25":{"start":{"line":65,"column":8},"end":{"line":65,"column":27}}},"fnMap":{"0":{"name":"(anonymous_0)","decl":{"start":{"line":15,"column":9},"end":{"line":15,"column":10}},"loc":{"start":{"line":15,"column":21},"end":{"line":17,"column":5}},"line":15},"1":{"name":"(anonymous_1)","decl":{"start":{"line":22,"column":9},"end":{"line":22,"column":10}},"loc":{"start":{"line":22,"column":21},"end":{"line":24,"column":5}},"line":22},"2":{"name":"(anonymous_2)","decl":{"start":{"line":29,"column":9},"end":{"line":29,"column":10}},"loc":{"start":{"line":29,"column":21},"end":{"line":31,"column":5}},"line":29},"3":{"name":"(anonymous_3)","decl":{"start":{"line":36,"column":9},"end":{"line":36,"column":10}},"loc":{"start":{"line":36,"column":21},"end":{"line":38,"column":5}},"line":36},"4":{"name":"(anonymous_4)","decl":{"start":{"line":43,"column":9},"end":{"line":43,"column":10}},"loc":{"start":{"line":43,"column":21},"end":{"line":45,"column":5}},"line":43},"5":{"name":"(anonymous_5)","decl":{"start":{"line":50,"column":9},"end":{"line":50,"column":10}},"loc":{"start":{"line":50,"column":21},"end":{"line":52,"column":5}},"line":50},"6":{"name":"(anonymous_6)","decl":{"start":{"line":57,"column":9},"end":{"line":57,"column":10}},"loc":{"start":{"line":57,"column":21},"end":{"line":59,"column":5}},"line":57},"7":{"name":"(anonymous_7)","decl":{"start":{"line":64,"column":9},"end":{"line":64,"column":10}},"loc":{"start":{"line":64,"column":21},"end":{"line":66,"column":5}},"line":64}},"branchMap":{},"s":{"0":1,"1":1,"2":1,"3":1,"4":0,"5":1,"6":1,"7":0,"8":1,"9":1,"10":0,"11":1,"12":1,"13":0,"14":1,"15":1,"16":0,"17":1,"18":1,"19":0,"20":1,"21":1,"22":0,"23":1,"24":1,"25":0},"f":{"0":0,"1":0,"2":0,"3":0,"4":0,"5":0,"6":0,"7":0},"b":{},"_coverageSchema":"1a1c01bbd47fc00a2c39e90264f33305004495a9","hash":"7961a1ae175faacee320955a06f574377309d613","contentHash":"24352a9a1a91ec4c76ff8e3f431831bc8a2ad676fbd3cbfd4b56e67fcc5a079c"},"C:\\Users\\felix\\Desktop\\moto\\bitcoin\\src\\payments\\embed.js":{"path":"C:\\Users\\felix\\Desktop\\moto\\bitcoin\\src\\payments\\embed.js","statementMap":{"0":{"start":{"line":2,"column":0},"end":{"line":2,"column":62}},"1":{"start":{"line":3,"column":0},"end":{"line":3,"column":24}},"2":{"start":{"line":4,"column":19},"end":{"line":4,"column":41}},"3":{"start":{"line":5,"column":16},"end":{"line":5,"column":36}},"4":{"start":{"line":6,"column":16},"end":{"line":6,"column":35}},"5":{"start":{"line":7,"column":13},"end":{"line":7,"column":30}},"6":{"start":{"line":8,"column":12},"end":{"line":8,"column":23}},"7":{"start":{"line":18,"column":4},"end":{"line":18,"column":69}},"8":{"start":{"line":18,"column":30},"end":{"line":18,"column":69}},"9":{"start":{"line":19,"column":4},"end":{"line":19,"column":57}},"10":{"start":{"line":20,"column":4},"end":{"line":29,"column":6}},"11":{"start":{"line":30,"column":20},"end":{"line":30,"column":51}},"12":{"start":{"line":31,"column":14},"end":{"line":31,"column":40}},"13":{"start":{"line":32,"column":4},"end":{"line":35,"column":7}},"14":{"start":{"line":33,"column":8},"end":{"line":33,"column":28}},"15":{"start":{"line":33,"column":21},"end":{"line":33,"column":28}},"16":{"start":{"line":34,"column":8},"end":{"line":34,"column":63}},"17":{"start":{"line":36,"column":4},"end":{"line":39,"column":7}},"18":{"start":{"line":37,"column":8},"end":{"line":37,"column":30}},"19":{"start":{"line":37,"column":23},"end":{"line":37,"column":30}},"20":{"start":{"line":38,"column":8},"end":{"line":38,"column":52}},"21":{"start":{"line":41,"column":4},"end":{"line":51,"column":5}},"22":{"start":{"line":42,"column":8},"end":{"line":50,"column":9}},"23":{"start":{"line":43,"column":27},"end":{"line":43,"column":54}},"24":{"start":{"line":44,"column":12},"end":{"line":45,"column":57}},"25":{"start":{"line":45,"column":16},"end":{"line":45,"column":57}},"26":{"start":{"line":46,"column":12},"end":{"line":47,"column":57}},"27":{"start":{"line":47,"column":16},"end":{"line":47,"column":57}},"28":{"start":{"line":48,"column":12},"end":{"line":49,"column":53}},"29":{"start":{"line":49,"column":16},"end":{"line":49,"column":53}},"30":{"start":{"line":52,"column":4},"end":{"line":52,"column":31}},"31":{"start":{"line":54,"column":0},"end":{"line":54,"column":24}}},"fnMap":{"0":{"name":"p2data","decl":{"start":{"line":17,"column":9},"end":{"line":17,"column":15}},"loc":{"start":{"line":17,"column":25},"end":{"line":53,"column":1}},"line":17},"1":{"name":"(anonymous_1)","decl":{"start":{"line":32,"column":27},"end":{"line":32,"column":28}},"loc":{"start":{"line":32,"column":33},"end":{"line":35,"column":5}},"line":32},"2":{"name":"(anonymous_2)","decl":{"start":{"line":36,"column":25},"end":{"line":36,"column":26}},"loc":{"start":{"line":36,"column":31},"end":{"line":39,"column":5}},"line":36}},"branchMap":{"0":{"loc":{"start":{"line":18,"column":4},"end":{"line":18,"column":69}},"type":"if","locations":[{"start":{"line":18,"column":4},"end":{"line":18,"column":69}},{"start":{"line":18,"column":4},"end":{"line":18,"column":69}}],"line":18},"1":{"loc":{"start":{"line":18,"column":8},"end":{"line":18,"column":28}},"type":"binary-expr","locations":[{"start":{"line":18,"column":8},"end":{"line":18,"column":15}},{"start":{"line":18,"column":19},"end":{"line":18,"column":28}}],"line":18},"2":{"loc":{"start":{"line":19,"column":45},"end":{"line":19,"column":55}},"type":"binary-expr","locations":[{"start":{"line":19,"column":45},"end":{"line":19,"column":49}},{"start":{"line":19,"column":53},"end":{"line":19,"column":55}}],"line":19},"3":{"loc":{"start":{"line":30,"column":20},"end":{"line":30,"column":51}},"type":"binary-expr","locations":[{"start":{"line":30,"column":20},"end":{"line":30,"column":29}},{"start":{"line":30,"column":33},"end":{"line":30,"column":51}}],"line":30},"4":{"loc":{"start":{"line":33,"column":8},"end":{"line":33,"column":28}},"type":"if","locations":[{"start":{"line":33,"column":8},"end":{"line":33,"column":28}},{"start":{"line":33,"column":8},"end":{"line":33,"column":28}}],"line":33},"5":{"loc":{"start":{"line":37,"column":8},"end":{"line":37,"column":30}},"type":"if","locations":[{"start":{"line":37,"column":8},"end":{"line":37,"column":30}},{"start":{"line":37,"column":8},"end":{"line":37,"column":30}}],"line":37},"6":{"loc":{"start":{"line":41,"column":4},"end":{"line":51,"column":5}},"type":"if","locations":[{"start":{"line":41,"column":4},"end":{"line":51,"column":5}},{"start":{"line":41,"column":4},"end":{"line":51,"column":5}}],"line":41},"7":{"loc":{"start":{"line":42,"column":8},"end":{"line":50,"column":9}},"type":"if","locations":[{"start":{"line":42,"column":8},"end":{"line":50,"column":9}},{"start":{"line":42,"column":8},"end":{"line":50,"column":9}}],"line":42},"8":{"loc":{"start":{"line":44,"column":12},"end":{"line":45,"column":57}},"type":"if","locations":[{"start":{"line":44,"column":12},"end":{"line":45,"column":57}},{"start":{"line":44,"column":12},"end":{"line":45,"column":57}}],"line":44},"9":{"loc":{"start":{"line":46,"column":12},"end":{"line":47,"column":57}},"type":"if","locations":[{"start":{"line":46,"column":12},"end":{"line":47,"column":57}},{"start":{"line":46,"column":12},"end":{"line":47,"column":57}}],"line":46},"10":{"loc":{"start":{"line":48,"column":12},"end":{"line":49,"column":53}},"type":"if","locations":[{"start":{"line":48,"column":12},"end":{"line":49,"column":53}},{"start":{"line":48,"column":12},"end":{"line":49,"column":53}}],"line":48},"11":{"loc":{"start":{"line":48,"column":16},"end":{"line":48,"column":67}},"type":"binary-expr","locations":[{"start":{"line":48,"column":16},"end":{"line":48,"column":22}},{"start":{"line":48,"column":26},"end":{"line":48,"column":67}}],"line":48}},"s":{"0":1,"1":1,"2":1,"3":1,"4":1,"5":1,"6":1,"7":0,"8":0,"9":0,"10":0,"11":0,"12":0,"13":0,"14":0,"15":0,"16":0,"17":0,"18":0,"19":0,"20":0,"21":0,"22":0,"23":0,"24":0,"25":0,"26":0,"27":0,"28":0,"29":0,"30":0,"31":1},"f":{"0":0,"1":0,"2":0},"b":{"0":[0,0],"1":[0,0],"2":[0,0],"3":[0,0],"4":[0,0],"5":[0,0],"6":[0,0],"7":[0,0],"8":[0,0],"9":[0,0],"10":[0,0],"11":[0,0]},"_coverageSchema":"1a1c01bbd47fc00a2c39e90264f33305004495a9","hash":"ec8c15fcf9dcf1343c3306839a2406f38a02d8bb","contentHash":"e56d2fc8d4a4ce3a7cb56c2fa23f242f986612cd6e4d3d4d87164e5ef559919d"},"C:\\Users\\felix\\Desktop\\moto\\bitcoin\\src\\script.js":{"path":"C:\\Users\\felix\\Desktop\\moto\\bitcoin\\src\\script.js","statementMap":{"0":{"start":{"line":2,"column":0},"end":{"line":2,"column":62}},"1":{"start":{"line":3,"column":0},"end":{"line":16,"column":15}},"2":{"start":{"line":21,"column":14},"end":{"line":21,"column":32}},"3":{"start":{"line":22,"column":14},"end":{"line":22,"column":30}},"4":{"start":{"line":23,"column":0},"end":{"line":28,"column":3}},"5":{"start":{"line":26,"column":8},"end":{"line":26,"column":25}},"6":{"start":{"line":29,"column":17},"end":{"line":29,"column":39}},"7":{"start":{"line":30,"column":21},"end":{"line":30,"column":47}},"8":{"start":{"line":31,"column":24},"end":{"line":31,"column":53}},"9":{"start":{"line":32,"column":14},"end":{"line":32,"column":32}},"10":{"start":{"line":33,"column":22},"end":{"line":33,"column":27}},"11":{"start":{"line":34,"column":20},"end":{"line":34,"column":41}},"12":{"start":{"line":36,"column":4},"end":{"line":41,"column":6}},"13":{"start":{"line":44,"column":4},"end":{"line":44,"column":49}},"14":{"start":{"line":47,"column":4},"end":{"line":47,"column":62}},"15":{"start":{"line":49,"column":0},"end":{"line":49,"column":32}},"16":{"start":{"line":51,"column":4},"end":{"line":51,"column":63}},"17":{"start":{"line":53,"column":0},"end":{"line":53,"column":50}},"18":{"start":{"line":55,"column":4},"end":{"line":55,"column":51}},"19":{"start":{"line":55,"column":29},"end":{"line":55,"column":51}},"20":{"start":{"line":56,"column":4},"end":{"line":56,"column":36}},"21":{"start":{"line":56,"column":29},"end":{"line":56,"column":36}},"22":{"start":{"line":57,"column":4},"end":{"line":57,"column":74}},"23":{"start":{"line":57,"column":43},"end":{"line":57,"column":74}},"24":{"start":{"line":58,"column":4},"end":{"line":58,"column":56}},"25":{"start":{"line":58,"column":28},"end":{"line":58,"column":56}},"26":{"start":{"line":61,"column":4},"end":{"line":61,"column":32}},"27":{"start":{"line":64,"column":4},"end":{"line":64,"column":28}},"28":{"start":{"line":67,"column":4},"end":{"line":67,"column":32}},"29":{"start":{"line":78,"column":4},"end":{"line":78,"column":46}},"30":{"start":{"line":78,"column":32},"end":{"line":78,"column":46}},"31":{"start":{"line":79,"column":4},"end":{"line":79,"column":35}},"32":{"start":{"line":80,"column":23},"end":{"line":91,"column":11}},"33":{"start":{"line":82,"column":8},"end":{"line":88,"column":9}},"34":{"start":{"line":84,"column":12},"end":{"line":86,"column":13}},"35":{"start":{"line":85,"column":16},"end":{"line":85,"column":33}},"36":{"start":{"line":87,"column":12},"end":{"line":87,"column":80}},"37":{"start":{"line":90,"column":8},"end":{"line":90,"column":25}},"38":{"start":{"line":92,"column":19},"end":{"line":92,"column":49}},"39":{"start":{"line":93,"column":17},"end":{"line":93,"column":18}},"40":{"start":{"line":94,"column":4},"end":{"line":112,"column":7}},"41":{"start":{"line":96,"column":8},"end":{"line":111,"column":9}},"42":{"start":{"line":98,"column":27},"end":{"line":98,"column":45}},"43":{"start":{"line":99,"column":12},"end":{"line":103,"column":13}},"44":{"start":{"line":100,"column":16},"end":{"line":100,"column":50}},"45":{"start":{"line":101,"column":16},"end":{"line":101,"column":28}},"46":{"start":{"line":102,"column":16},"end":{"line":102,"column":23}},"47":{"start":{"line":104,"column":12},"end":{"line":104,"column":68}},"48":{"start":{"line":105,"column":12},"end":{"line":105,"column":39}},"49":{"start":{"line":106,"column":12},"end":{"line":106,"column":35}},"50":{"start":{"line":109,"column":12},"end":{"line":109,"column":45}},"51":{"start":{"line":110,"column":12},"end":{"line":110,"column":24}},"52":{"start":{"line":113,"column":4},"end":{"line":113,"column":77}},"53":{"start":{"line":113,"column":34},"end":{"line":113,"column":77}},"54":{"start":{"line":114,"column":4},"end":{"line":114,"column":18}},"55":{"start":{"line":116,"column":0},"end":{"line":116,"column":26}},"56":{"start":{"line":119,"column":4},"end":{"line":119,"column":45}},"57":{"start":{"line":119,"column":31},"end":{"line":119,"column":45}},"58":{"start":{"line":120,"column":4},"end":{"line":120,"column":36}},"59":{"start":{"line":121,"column":19},"end":{"line":121,"column":21}},"60":{"start":{"line":122,"column":12},"end":{"line":122,"column":13}},"61":{"start":{"line":123,"column":4},"end":{"line":147,"column":5}},"62":{"start":{"line":124,"column":23},"end":{"line":124,"column":32}},"63":{"start":{"line":126,"column":8},"end":{"line":146,"column":9}},"64":{"start":{"line":127,"column":22},"end":{"line":127,"column":48}},"65":{"start":{"line":129,"column":12},"end":{"line":129,"column":40}},"66":{"start":{"line":129,"column":28},"end":{"line":129,"column":40}},"67":{"start":{"line":130,"column":12},"end":{"line":130,"column":24}},"68":{"start":{"line":132,"column":12},"end":{"line":132,"column":58}},"69":{"start":{"line":132,"column":46},"end":{"line":132,"column":58}},"70":{"start":{"line":133,"column":25},"end":{"line":133,"column":54}},"71":{"start":{"line":134,"column":12},"end":{"line":134,"column":26}},"72":{"start":{"line":136,"column":23},"end":{"line":136,"column":40}},"73":{"start":{"line":137,"column":12},"end":{"line":141,"column":13}},"74":{"start":{"line":138,"column":16},"end":{"line":138,"column":32}},"75":{"start":{"line":140,"column":16},"end":{"line":140,"column":34}},"76":{"start":{"line":144,"column":12},"end":{"line":144,"column":32}},"77":{"start":{"line":145,"column":12},"end":{"line":145,"column":19}},"78":{"start":{"line":148,"column":4},"end":{"line":148,"column":18}},"79":{"start":{"line":150,"column":0},"end":{"line":150,"column":30}},"80":{"start":{"line":158,"column":4},"end":{"line":160,"column":5}},"81":{"start":{"line":159,"column":8},"end":{"line":159,"column":35}},"82":{"start":{"line":161,"column":4},"end":{"line":163,"column":5}},"83":{"start":{"line":162,"column":8},"end":{"line":162,"column":67}},"84":{"start":{"line":164,"column":4},"end":{"line":175,"column":19}},"85":{"start":{"line":167,"column":12},"end":{"line":171,"column":13}},"86":{"start":{"line":168,"column":27},"end":{"line":168,"column":45}},"87":{"start":{"line":169,"column":16},"end":{"line":169,"column":67}},"88":{"start":{"line":169,"column":38},"end":{"line":169,"column":67}},"89":{"start":{"line":170,"column":16},"end":{"line":170,"column":27}},"90":{"start":{"line":173,"column":12},"end":{"line":173,"column":44}},"91":{"start":{"line":177,"column":0},"end":{"line":177,"column":22}},"92":{"start":{"line":184,"column":4},"end":{"line":184,"column":33}},"93":{"start":{"line":185,"column":4},"end":{"line":195,"column":6}},"94":{"start":{"line":188,"column":12},"end":{"line":190,"column":13}},"95":{"start":{"line":189,"column":16},"end":{"line":189,"column":43}},"96":{"start":{"line":191,"column":12},"end":{"line":191,"column":43}},"97":{"start":{"line":193,"column":12},"end":{"line":193,"column":48}},"98":{"start":{"line":197,"column":0},"end":{"line":197,"column":26}},"99":{"start":{"line":205,"column":4},"end":{"line":205,"column":31}},"100":{"start":{"line":206,"column":4},"end":{"line":206,"column":34}},"101":{"start":{"line":207,"column":4},"end":{"line":211,"column":7}},"102":{"start":{"line":208,"column":8},"end":{"line":208,"column":47}},"103":{"start":{"line":208,"column":37},"end":{"line":208,"column":47}},"104":{"start":{"line":209,"column":8},"end":{"line":209,"column":64}},"105":{"start":{"line":209,"column":35},"end":{"line":209,"column":64}},"106":{"start":{"line":210,"column":8},"end":{"line":210,"column":53}},"107":{"start":{"line":213,"column":0},"end":{"line":213,"column":26}},"108":{"start":{"line":215,"column":4},"end":{"line":215,"column":33}},"109":{"start":{"line":217,"column":0},"end":{"line":217,"column":46}},"110":{"start":{"line":219,"column":24},"end":{"line":219,"column":40}},"111":{"start":{"line":221,"column":4},"end":{"line":221,"column":52}},"112":{"start":{"line":223,"column":0},"end":{"line":223,"column":46}},"113":{"start":{"line":225,"column":4},"end":{"line":225,"column":47}},"114":{"start":{"line":225,"column":34},"end":{"line":225,"column":47}},"115":{"start":{"line":226,"column":4},"end":{"line":226,"column":68}},"116":{"start":{"line":226,"column":55},"end":{"line":226,"column":68}},"117":{"start":{"line":227,"column":4},"end":{"line":227,"column":44}},"118":{"start":{"line":229,"column":0},"end":{"line":229,"column":64}},"119":{"start":{"line":230,"column":0},"end":{"line":230,"column":30}},"120":{"start":{"line":231,"column":0},"end":{"line":231,"column":36}}},"fnMap":{"0":{"name":"(anonymous_0)","decl":{"start":{"line":25,"column":9},"end":{"line":25,"column":10}},"loc":{"start":{"line":25,"column":21},"end":{"line":27,"column":5}},"line":25},"1":{"name":"isOPInt","decl":{"start":{"line":35,"column":9},"end":{"line":35,"column":16}},"loc":{"start":{"line":35,"column":24},"end":{"line":42,"column":1}},"line":35},"2":{"name":"isPushOnlyChunk","decl":{"start":{"line":43,"column":9},"end":{"line":43,"column":24}},"loc":{"start":{"line":43,"column":32},"end":{"line":45,"column":1}},"line":43},"3":{"name":"isPushOnly","decl":{"start":{"line":46,"column":9},"end":{"line":46,"column":19}},"loc":{"start":{"line":46,"column":27},"end":{"line":48,"column":1}},"line":46},"4":{"name":"countNonPushOnlyOPs","decl":{"start":{"line":50,"column":9},"end":{"line":50,"column":28}},"loc":{"start":{"line":50,"column":36},"end":{"line":52,"column":1}},"line":50},"5":{"name":"asMinimalOP","decl":{"start":{"line":54,"column":9},"end":{"line":54,"column":20}},"loc":{"start":{"line":54,"column":29},"end":{"line":59,"column":1}},"line":54},"6":{"name":"chunksIsBuffer","decl":{"start":{"line":60,"column":9},"end":{"line":60,"column":23}},"loc":{"start":{"line":60,"column":29},"end":{"line":62,"column":1}},"line":60},"7":{"name":"chunksIsArray","decl":{"start":{"line":63,"column":9},"end":{"line":63,"column":22}},"loc":{"start":{"line":63,"column":28},"end":{"line":65,"column":1}},"line":63},"8":{"name":"singleChunkIsBuffer","decl":{"start":{"line":66,"column":9},"end":{"line":66,"column":28}},"loc":{"start":{"line":66,"column":34},"end":{"line":68,"column":1}},"line":66},"9":{"name":"compile","decl":{"start":{"line":76,"column":9},"end":{"line":76,"column":16}},"loc":{"start":{"line":76,"column":25},"end":{"line":115,"column":1}},"line":76},"10":{"name":"(anonymous_10)","decl":{"start":{"line":80,"column":37},"end":{"line":80,"column":38}},"loc":{"start":{"line":80,"column":55},"end":{"line":91,"column":5}},"line":80},"11":{"name":"(anonymous_11)","decl":{"start":{"line":94,"column":19},"end":{"line":94,"column":20}},"loc":{"start":{"line":94,"column":28},"end":{"line":112,"column":5}},"line":94},"12":{"name":"decompile","decl":{"start":{"line":117,"column":9},"end":{"line":117,"column":18}},"loc":{"start":{"line":117,"column":27},"end":{"line":149,"column":1}},"line":117},"13":{"name":"toASM","decl":{"start":{"line":157,"column":9},"end":{"line":157,"column":14}},"loc":{"start":{"line":157,"column":23},"end":{"line":176,"column":1}},"line":157},"14":{"name":"(anonymous_14)","decl":{"start":{"line":165,"column":13},"end":{"line":165,"column":14}},"loc":{"start":{"line":165,"column":22},"end":{"line":174,"column":9}},"line":165},"15":{"name":"fromASM","decl":{"start":{"line":183,"column":9},"end":{"line":183,"column":16}},"loc":{"start":{"line":183,"column":22},"end":{"line":196,"column":1}},"line":183},"16":{"name":"(anonymous_16)","decl":{"start":{"line":186,"column":27},"end":{"line":186,"column":28}},"loc":{"start":{"line":186,"column":39},"end":{"line":194,"column":9}},"line":186},"17":{"name":"toStack","decl":{"start":{"line":204,"column":9},"end":{"line":204,"column":16}},"loc":{"start":{"line":204,"column":25},"end":{"line":212,"column":1}},"line":204},"18":{"name":"(anonymous_18)","decl":{"start":{"line":207,"column":22},"end":{"line":207,"column":23}},"loc":{"start":{"line":207,"column":28},"end":{"line":211,"column":5}},"line":207},"19":{"name":"isCanonicalPubKey","decl":{"start":{"line":214,"column":9},"end":{"line":214,"column":26}},"loc":{"start":{"line":214,"column":35},"end":{"line":216,"column":1}},"line":214},"20":{"name":"isDefinedHashType","decl":{"start":{"line":218,"column":9},"end":{"line":218,"column":26}},"loc":{"start":{"line":218,"column":37},"end":{"line":222,"column":1}},"line":218},"21":{"name":"isCanonicalScriptSignature","decl":{"start":{"line":224,"column":9},"end":{"line":224,"column":35}},"loc":{"start":{"line":224,"column":44},"end":{"line":228,"column":1}},"line":224}},"branchMap":{"0":{"loc":{"start":{"line":37,"column":8},"end":{"line":40,"column":43}},"type":"binary-expr","locations":[{"start":{"line":37,"column":8},"end":{"line":37,"column":27}},{"start":{"line":38,"column":9},"end":{"line":38,"column":33}},{"start":{"line":39,"column":13},"end":{"line":39,"column":36}},{"start":{"line":39,"column":40},"end":{"line":39,"column":64}},{"start":{"line":40,"column":12},"end":{"line":40,"column":42}}],"line":37},"1":{"loc":{"start":{"line":44,"column":11},"end":{"line":44,"column":48}},"type":"binary-expr","locations":[{"start":{"line":44,"column":11},"end":{"line":44,"column":30}},{"start":{"line":44,"column":34},"end":{"line":44,"column":48}}],"line":44},"2":{"loc":{"start":{"line":47,"column":11},"end":{"line":47,"column":61}},"type":"binary-expr","locations":[{"start":{"line":47,"column":11},"end":{"line":47,"column":29}},{"start":{"line":47,"column":33},"end":{"line":47,"column":61}}],"line":47},"3":{"loc":{"start":{"line":55,"column":4},"end":{"line":55,"column":51}},"type":"if","locations":[{"start":{"line":55,"column":4},"end":{"line":55,"column":51}},{"start":{"line":55,"column":4},"end":{"line":55,"column":51}}],"line":55},"4":{"loc":{"start":{"line":56,"column":4},"end":{"line":56,"column":36}},"type":"if","locations":[{"start":{"line":56,"column":4},"end":{"line":56,"column":36}},{"start":{"line":56,"column":4},"end":{"line":56,"column":36}}],"line":56},"5":{"loc":{"start":{"line":57,"column":4},"end":{"line":57,"column":74}},"type":"if","locations":[{"start":{"line":57,"column":4},"end":{"line":57,"column":74}},{"start":{"line":57,"column":4},"end":{"line":57,"column":74}}],"line":57},"6":{"loc":{"start":{"line":57,"column":8},"end":{"line":57,"column":41}},"type":"binary-expr","locations":[{"start":{"line":57,"column":8},"end":{"line":57,"column":22}},{"start":{"line":57,"column":26},"end":{"line":57,"column":41}}],"line":57},"7":{"loc":{"start":{"line":58,"column":4},"end":{"line":58,"column":56}},"type":"if","locations":[{"start":{"line":58,"column":4},"end":{"line":58,"column":56}},{"start":{"line":58,"column":4},"end":{"line":58,"column":56}}],"line":58},"8":{"loc":{"start":{"line":78,"column":4},"end":{"line":78,"column":46}},"type":"if","locations":[{"start":{"line":78,"column":4},"end":{"line":78,"column":46}},{"start":{"line":78,"column":4},"end":{"line":78,"column":46}}],"line":78},"9":{"loc":{"start":{"line":82,"column":8},"end":{"line":88,"column":9}},"type":"if","locations":[{"start":{"line":82,"column":8},"end":{"line":88,"column":9}},{"start":{"line":82,"column":8},"end":{"line":88,"column":9}}],"line":82},"10":{"loc":{"start":{"line":84,"column":12},"end":{"line":86,"column":13}},"type":"if","locations":[{"start":{"line":84,"column":12},"end":{"line":86,"column":13}},{"start":{"line":84,"column":12},"end":{"line":86,"column":13}}],"line":84},"11":{"loc":{"start":{"line":84,"column":16},"end":{"line":84,"column":70}},"type":"binary-expr","locations":[{"start":{"line":84,"column":16},"end":{"line":84,"column":34}},{"start":{"line":84,"column":38},"end":{"line":84,"column":70}}],"line":84},"12":{"loc":{"start":{"line":96,"column":8},"end":{"line":111,"column":9}},"type":"if","locations":[{"start":{"line":96,"column":8},"end":{"line":111,"column":9}},{"start":{"line":96,"column":8},"end":{"line":111,"column":9}}],"line":96},"13":{"loc":{"start":{"line":99,"column":12},"end":{"line":103,"column":13}},"type":"if","locations":[{"start":{"line":99,"column":12},"end":{"line":103,"column":13}},{"start":{"line":99,"column":12},"end":{"line":103,"column":13}}],"line":99},"14":{"loc":{"start":{"line":113,"column":4},"end":{"line":113,"column":77}},"type":"if","locations":[{"start":{"line":113,"column":4},"end":{"line":113,"column":77}},{"start":{"line":113,"column":4},"end":{"line":113,"column":77}}],"line":113},"15":{"loc":{"start":{"line":119,"column":4},"end":{"line":119,"column":45}},"type":"if","locations":[{"start":{"line":119,"column":4},"end":{"line":119,"column":45}},{"start":{"line":119,"column":4},"end":{"line":119,"column":45}}],"line":119},"16":{"loc":{"start":{"line":126,"column":8},"end":{"line":146,"column":9}},"type":"if","locations":[{"start":{"line":126,"column":8},"end":{"line":146,"column":9}},{"start":{"line":126,"column":8},"end":{"line":146,"column":9}}],"line":126},"17":{"loc":{"start":{"line":126,"column":12},"end":{"line":126,"column":71}},"type":"binary-expr","locations":[{"start":{"line":126,"column":12},"end":{"line":126,"column":35}},{"start":{"line":126,"column":39},"end":{"line":126,"column":71}}],"line":126},"18":{"loc":{"start":{"line":129,"column":12},"end":{"line":129,"column":40}},"type":"if","locations":[{"start":{"line":129,"column":12},"end":{"line":129,"column":40}},{"start":{"line":129,"column":12},"end":{"line":129,"column":40}}],"line":129},"19":{"loc":{"start":{"line":132,"column":12},"end":{"line":132,"column":58}},"type":"if","locations":[{"start":{"line":132,"column":12},"end":{"line":132,"column":58}},{"start":{"line":132,"column":12},"end":{"line":132,"column":58}}],"line":132},"20":{"loc":{"start":{"line":137,"column":12},"end":{"line":141,"column":13}},"type":"if","locations":[{"start":{"line":137,"column":12},"end":{"line":141,"column":13}},{"start":{"line":137,"column":12},"end":{"line":141,"column":13}}],"line":137},"21":{"loc":{"start":{"line":158,"column":4},"end":{"line":160,"column":5}},"type":"if","locations":[{"start":{"line":158,"column":4},"end":{"line":160,"column":5}},{"start":{"line":158,"column":4},"end":{"line":160,"column":5}}],"line":158},"22":{"loc":{"start":{"line":161,"column":4},"end":{"line":163,"column":5}},"type":"if","locations":[{"start":{"line":161,"column":4},"end":{"line":163,"column":5}},{"start":{"line":161,"column":4},"end":{"line":163,"column":5}}],"line":161},"23":{"loc":{"start":{"line":167,"column":12},"end":{"line":171,"column":13}},"type":"if","locations":[{"start":{"line":167,"column":12},"end":{"line":171,"column":13}},{"start":{"line":167,"column":12},"end":{"line":171,"column":13}}],"line":167},"24":{"loc":{"start":{"line":169,"column":16},"end":{"line":169,"column":67}},"type":"if","locations":[{"start":{"line":169,"column":16},"end":{"line":169,"column":67}},{"start":{"line":169,"column":16},"end":{"line":169,"column":67}}],"line":169},"25":{"loc":{"start":{"line":188,"column":12},"end":{"line":190,"column":13}},"type":"if","locations":[{"start":{"line":188,"column":12},"end":{"line":190,"column":13}},{"start":{"line":188,"column":12},"end":{"line":190,"column":13}}],"line":188},"26":{"loc":{"start":{"line":208,"column":8},"end":{"line":208,"column":47}},"type":"if","locations":[{"start":{"line":208,"column":8},"end":{"line":208,"column":47}},{"start":{"line":208,"column":8},"end":{"line":208,"column":47}}],"line":208},"27":{"loc":{"start":{"line":209,"column":8},"end":{"line":209,"column":64}},"type":"if","locations":[{"start":{"line":209,"column":8},"end":{"line":209,"column":64}},{"start":{"line":209,"column":8},"end":{"line":209,"column":64}}],"line":209},"28":{"loc":{"start":{"line":221,"column":11},"end":{"line":221,"column":51}},"type":"binary-expr","locations":[{"start":{"line":221,"column":11},"end":{"line":221,"column":29}},{"start":{"line":221,"column":33},"end":{"line":221,"column":51}}],"line":221},"29":{"loc":{"start":{"line":225,"column":4},"end":{"line":225,"column":47}},"type":"if","locations":[{"start":{"line":225,"column":4},"end":{"line":225,"column":47}},{"start":{"line":225,"column":4},"end":{"line":225,"column":47}}],"line":225},"30":{"loc":{"start":{"line":226,"column":4},"end":{"line":226,"column":68}},"type":"if","locations":[{"start":{"line":226,"column":4},"end":{"line":226,"column":68}},{"start":{"line":226,"column":4},"end":{"line":226,"column":68}}],"line":226}},"s":{"0":1,"1":1,"2":1,"3":1,"4":1,"5":8,"6":1,"7":1,"8":1,"9":1,"10":1,"11":1,"12":0,"13":0,"14":0,"15":1,"16":0,"17":1,"18":0,"19":0,"20":0,"21":0,"22":0,"23":0,"24":0,"25":0,"26":0,"27":0,"28":0,"29":0,"30":0,"31":0,"32":0,"33":0,"34":0,"35":0,"36":0,"37":0,"38":0,"39":0,"40":0,"41":0,"42":0,"43":0,"44":0,"45":0,"46":0,"47":0,"48":0,"49":0,"50":0,"51":0,"52":0,"53":0,"54":0,"55":1,"56":0,"57":0,"58":0,"59":0,"60":0,"61":0,"62":0,"63":0,"64":0,"65":0,"66":0,"67":0,"68":0,"69":0,"70":0,"71":0,"72":0,"73":0,"74":0,"75":0,"76":0,"77":0,"78":0,"79":1,"80":0,"81":0,"82":0,"83":0,"84":0,"85":0,"86":0,"87":0,"88":0,"89":0,"90":0,"91":1,"92":0,"93":0,"94":0,"95":0,"96":0,"97":0,"98":1,"99":0,"100":0,"101":0,"102":0,"103":0,"104":0,"105":0,"106":0,"107":1,"108":0,"109":1,"110":0,"111":0,"112":1,"113":0,"114":0,"115":0,"116":0,"117":0,"118":1,"119":1,"120":1},"f":{"0":8,"1":0,"2":0,"3":0,"4":0,"5":0,"6":0,"7":0,"8":0,"9":0,"10":0,"11":0,"12":0,"13":0,"14":0,"15":0,"16":0,"17":0,"18":0,"19":0,"20":0,"21":0},"b":{"0":[0,0,0,0,0],"1":[0,0],"2":[0,0],"3":[0,0],"4":[0,0],"5":[0,0],"6":[0,0],"7":[0,0],"8":[0,0],"9":[0,0],"10":[0,0],"11":[0,0],"12":[0,0],"13":[0,0],"14":[0,0],"15":[0,0],"16":[0,0],"17":[0,0],"18":[0,0],"19":[0,0],"20":[0,0],"21":[0,0],"22":[0,0],"23":[0,0],"24":[0,0],"25":[0,0],"26":[0,0],"27":[0,0],"28":[0,0],"29":[0,0],"30":[0,0]},"_coverageSchema":"1a1c01bbd47fc00a2c39e90264f33305004495a9","hash":"b7c8417f3b688147350b291ce02dd40d9674716f","contentHash":"ec2279aca04895d0b84064ecd0674d16a12cf2bf442d7d596b3806a71ac4c1a4"},"C:\\Users\\felix\\Desktop\\moto\\bitcoin\\src\\bip66.js":{"path":"C:\\Users\\felix\\Desktop\\moto\\bitcoin\\src\\bip66.js","statementMap":{"0":{"start":{"line":5,"column":0},"end":{"line":5,"column":62}},"1":{"start":{"line":6,"column":0},"end":{"line":6,"column":57}},"2":{"start":{"line":8,"column":4},"end":{"line":8,"column":40}},"3":{"start":{"line":8,"column":27},"end":{"line":8,"column":40}},"4":{"start":{"line":9,"column":4},"end":{"line":9,"column":41}},"5":{"start":{"line":9,"column":28},"end":{"line":9,"column":41}},"6":{"start":{"line":10,"column":4},"end":{"line":10,"column":41}},"7":{"start":{"line":10,"column":28},"end":{"line":10,"column":41}},"8":{"start":{"line":11,"column":4},"end":{"line":11,"column":54}},"9":{"start":{"line":11,"column":41},"end":{"line":11,"column":54}},"10":{"start":{"line":12,"column":4},"end":{"line":12,"column":41}},"11":{"start":{"line":12,"column":28},"end":{"line":12,"column":41}},"12":{"start":{"line":13,"column":17},"end":{"line":13,"column":26}},"13":{"start":{"line":14,"column":4},"end":{"line":14,"column":33}},"14":{"start":{"line":14,"column":20},"end":{"line":14,"column":33}},"15":{"start":{"line":15,"column":4},"end":{"line":15,"column":48}},"16":{"start":{"line":15,"column":35},"end":{"line":15,"column":48}},"17":{"start":{"line":16,"column":4},"end":{"line":16,"column":48}},"18":{"start":{"line":16,"column":35},"end":{"line":16,"column":48}},"19":{"start":{"line":17,"column":17},"end":{"line":17,"column":33}},"20":{"start":{"line":18,"column":4},"end":{"line":18,"column":33}},"21":{"start":{"line":18,"column":20},"end":{"line":18,"column":33}},"22":{"start":{"line":19,"column":4},"end":{"line":19,"column":56}},"23":{"start":{"line":19,"column":43},"end":{"line":19,"column":56}},"24":{"start":{"line":20,"column":4},"end":{"line":20,"column":39}},"25":{"start":{"line":20,"column":26},"end":{"line":20,"column":39}},"26":{"start":{"line":21,"column":4},"end":{"line":21,"column":76}},"27":{"start":{"line":21,"column":63},"end":{"line":21,"column":76}},"28":{"start":{"line":22,"column":4},"end":{"line":22,"column":46}},"29":{"start":{"line":22,"column":33},"end":{"line":22,"column":46}},"30":{"start":{"line":23,"column":4},"end":{"line":24,"column":21}},"31":{"start":{"line":24,"column":8},"end":{"line":24,"column":21}},"32":{"start":{"line":25,"column":4},"end":{"line":25,"column":16}},"33":{"start":{"line":27,"column":0},"end":{"line":27,"column":22}},"34":{"start":{"line":29,"column":4},"end":{"line":29,"column":79}},"35":{"start":{"line":29,"column":27},"end":{"line":29,"column":79}},"36":{"start":{"line":30,"column":4},"end":{"line":30,"column":79}},"37":{"start":{"line":30,"column":28},"end":{"line":30,"column":79}},"38":{"start":{"line":31,"column":4},"end":{"line":31,"column":69}},"39":{"start":{"line":31,"column":28},"end":{"line":31,"column":69}},"40":{"start":{"line":32,"column":4},"end":{"line":33,"column":58}},"41":{"start":{"line":33,"column":8},"end":{"line":33,"column":58}},"42":{"start":{"line":34,"column":4},"end":{"line":34,"column":68}},"43":{"start":{"line":34,"column":28},"end":{"line":34,"column":68}},"44":{"start":{"line":35,"column":17},"end":{"line":35,"column":26}},"45":{"start":{"line":36,"column":4},"end":{"line":36,"column":56}},"46":{"start":{"line":36,"column":20},"end":{"line":36,"column":56}},"47":{"start":{"line":37,"column":4},"end":{"line":37,"column":75}},"48":{"start":{"line":37,"column":35},"end":{"line":37,"column":75}},"49":{"start":{"line":38,"column":4},"end":{"line":38,"column":79}},"50":{"start":{"line":38,"column":35},"end":{"line":38,"column":79}},"51":{"start":{"line":39,"column":17},"end":{"line":39,"column":33}},"52":{"start":{"line":40,"column":4},"end":{"line":40,"column":56}},"53":{"start":{"line":40,"column":20},"end":{"line":40,"column":56}},"54":{"start":{"line":41,"column":4},"end":{"line":42,"column":47}},"55":{"start":{"line":42,"column":8},"end":{"line":42,"column":47}},"56":{"start":{"line":43,"column":4},"end":{"line":43,"column":65}},"57":{"start":{"line":43,"column":26},"end":{"line":43,"column":65}},"58":{"start":{"line":44,"column":4},"end":{"line":45,"column":54}},"59":{"start":{"line":45,"column":8},"end":{"line":45,"column":54}},"60":{"start":{"line":46,"column":4},"end":{"line":46,"column":72}},"61":{"start":{"line":46,"column":33},"end":{"line":46,"column":72}},"62":{"start":{"line":47,"column":4},"end":{"line":48,"column":54}},"63":{"start":{"line":48,"column":8},"end":{"line":48,"column":54}},"64":{"start":{"line":50,"column":4},"end":{"line":53,"column":6}},"65":{"start":{"line":55,"column":0},"end":{"line":55,"column":24}},"66":{"start":{"line":79,"column":17},"end":{"line":79,"column":25}},"67":{"start":{"line":80,"column":17},"end":{"line":80,"column":25}},"68":{"start":{"line":81,"column":4},"end":{"line":81,"column":56}},"69":{"start":{"line":81,"column":20},"end":{"line":81,"column":56}},"70":{"start":{"line":82,"column":4},"end":{"line":82,"column":56}},"71":{"start":{"line":82,"column":20},"end":{"line":82,"column":56}},"72":{"start":{"line":83,"column":4},"end":{"line":83,"column":59}},"73":{"start":{"line":83,"column":19},"end":{"line":83,"column":59}},"74":{"start":{"line":84,"column":4},"end":{"line":84,"column":59}},"75":{"start":{"line":84,"column":19},"end":{"line":84,"column":59}},"76":{"start":{"line":85,"column":4},"end":{"line":85,"column":60}},"77":{"start":{"line":85,"column":21},"end":{"line":85,"column":60}},"78":{"start":{"line":86,"column":4},"end":{"line":86,"column":60}},"79":{"start":{"line":86,"column":21},"end":{"line":86,"column":60}},"80":{"start":{"line":87,"column":4},"end":{"line":88,"column":54}},"81":{"start":{"line":88,"column":8},"end":{"line":88,"column":54}},"82":{"start":{"line":89,"column":4},"end":{"line":90,"column":54}},"83":{"start":{"line":90,"column":8},"end":{"line":90,"column":54}},"84":{"start":{"line":91,"column":22},"end":{"line":91,"column":57}},"85":{"start":{"line":93,"column":4},"end":{"line":93,"column":24}},"86":{"start":{"line":94,"column":4},"end":{"line":94,"column":40}},"87":{"start":{"line":95,"column":4},"end":{"line":95,"column":24}},"88":{"start":{"line":96,"column":4},"end":{"line":96,"column":28}},"89":{"start":{"line":97,"column":4},"end":{"line":97,"column":25}},"90":{"start":{"line":98,"column":4},"end":{"line":98,"column":31}},"91":{"start":{"line":99,"column":4},"end":{"line":99,"column":35}},"92":{"start":{"line":100,"column":4},"end":{"line":100,"column":32}},"93":{"start":{"line":101,"column":4},"end":{"line":101,"column":21}},"94":{"start":{"line":103,"column":0},"end":{"line":103,"column":24}}},"fnMap":{"0":{"name":"check","decl":{"start":{"line":7,"column":9},"end":{"line":7,"column":14}},"loc":{"start":{"line":7,"column":23},"end":{"line":26,"column":1}},"line":7},"1":{"name":"decode","decl":{"start":{"line":28,"column":9},"end":{"line":28,"column":15}},"loc":{"start":{"line":28,"column":24},"end":{"line":54,"column":1}},"line":28},"2":{"name":"encode","decl":{"start":{"line":78,"column":9},"end":{"line":78,"column":15}},"loc":{"start":{"line":78,"column":22},"end":{"line":102,"column":1}},"line":78}},"branchMap":{"0":{"loc":{"start":{"line":8,"column":4},"end":{"line":8,"column":40}},"type":"if","locations":[{"start":{"line":8,"column":4},"end":{"line":8,"column":40}},{"start":{"line":8,"column":4},"end":{"line":8,"column":40}}],"line":8},"1":{"loc":{"start":{"line":9,"column":4},"end":{"line":9,"column":41}},"type":"if","locations":[{"start":{"line":9,"column":4},"end":{"line":9,"column":41}},{"start":{"line":9,"column":4},"end":{"line":9,"column":41}}],"line":9},"2":{"loc":{"start":{"line":10,"column":4},"end":{"line":10,"column":41}},"type":"if","locations":[{"start":{"line":10,"column":4},"end":{"line":10,"column":41}},{"start":{"line":10,"column":4},"end":{"line":10,"column":41}}],"line":10},"3":{"loc":{"start":{"line":11,"column":4},"end":{"line":11,"column":54}},"type":"if","locations":[{"start":{"line":11,"column":4},"end":{"line":11,"column":54}},{"start":{"line":11,"column":4},"end":{"line":11,"column":54}}],"line":11},"4":{"loc":{"start":{"line":12,"column":4},"end":{"line":12,"column":41}},"type":"if","locations":[{"start":{"line":12,"column":4},"end":{"line":12,"column":41}},{"start":{"line":12,"column":4},"end":{"line":12,"column":41}}],"line":12},"5":{"loc":{"start":{"line":14,"column":4},"end":{"line":14,"column":33}},"type":"if","locations":[{"start":{"line":14,"column":4},"end":{"line":14,"column":33}},{"start":{"line":14,"column":4},"end":{"line":14,"column":33}}],"line":14},"6":{"loc":{"start":{"line":15,"column":4},"end":{"line":15,"column":48}},"type":"if","locations":[{"start":{"line":15,"column":4},"end":{"line":15,"column":48}},{"start":{"line":15,"column":4},"end":{"line":15,"column":48}}],"line":15},"7":{"loc":{"start":{"line":16,"column":4},"end":{"line":16,"column":48}},"type":"if","locations":[{"start":{"line":16,"column":4},"end":{"line":16,"column":48}},{"start":{"line":16,"column":4},"end":{"line":16,"column":48}}],"line":16},"8":{"loc":{"start":{"line":18,"column":4},"end":{"line":18,"column":33}},"type":"if","locations":[{"start":{"line":18,"column":4},"end":{"line":18,"column":33}},{"start":{"line":18,"column":4},"end":{"line":18,"column":33}}],"line":18},"9":{"loc":{"start":{"line":19,"column":4},"end":{"line":19,"column":56}},"type":"if","locations":[{"start":{"line":19,"column":4},"end":{"line":19,"column":56}},{"start":{"line":19,"column":4},"end":{"line":19,"column":56}}],"line":19},"10":{"loc":{"start":{"line":20,"column":4},"end":{"line":20,"column":39}},"type":"if","locations":[{"start":{"line":20,"column":4},"end":{"line":20,"column":39}},{"start":{"line":20,"column":4},"end":{"line":20,"column":39}}],"line":20},"11":{"loc":{"start":{"line":21,"column":4},"end":{"line":21,"column":76}},"type":"if","locations":[{"start":{"line":21,"column":4},"end":{"line":21,"column":76}},{"start":{"line":21,"column":4},"end":{"line":21,"column":76}}],"line":21},"12":{"loc":{"start":{"line":21,"column":8},"end":{"line":21,"column":61}},"type":"binary-expr","locations":[{"start":{"line":21,"column":8},"end":{"line":21,"column":16}},{"start":{"line":21,"column":20},"end":{"line":21,"column":38}},{"start":{"line":21,"column":42},"end":{"line":21,"column":61}}],"line":21},"13":{"loc":{"start":{"line":22,"column":4},"end":{"line":22,"column":46}},"type":"if","locations":[{"start":{"line":22,"column":4},"end":{"line":22,"column":46}},{"start":{"line":22,"column":4},"end":{"line":22,"column":46}}],"line":22},"14":{"loc":{"start":{"line":23,"column":4},"end":{"line":24,"column":21}},"type":"if","locations":[{"start":{"line":23,"column":4},"end":{"line":24,"column":21}},{"start":{"line":23,"column":4},"end":{"line":24,"column":21}}],"line":23},"15":{"loc":{"start":{"line":23,"column":8},"end":{"line":23,"column":75}},"type":"binary-expr","locations":[{"start":{"line":23,"column":8},"end":{"line":23,"column":16}},{"start":{"line":23,"column":20},"end":{"line":23,"column":45}},{"start":{"line":23,"column":49},"end":{"line":23,"column":75}}],"line":23},"16":{"loc":{"start":{"line":29,"column":4},"end":{"line":29,"column":79}},"type":"if","locations":[{"start":{"line":29,"column":4},"end":{"line":29,"column":79}},{"start":{"line":29,"column":4},"end":{"line":29,"column":79}}],"line":29},"17":{"loc":{"start":{"line":30,"column":4},"end":{"line":30,"column":79}},"type":"if","locations":[{"start":{"line":30,"column":4},"end":{"line":30,"column":79}},{"start":{"line":30,"column":4},"end":{"line":30,"column":79}}],"line":30},"18":{"loc":{"start":{"line":31,"column":4},"end":{"line":31,"column":69}},"type":"if","locations":[{"start":{"line":31,"column":4},"end":{"line":31,"column":69}},{"start":{"line":31,"column":4},"end":{"line":31,"column":69}}],"line":31},"19":{"loc":{"start":{"line":32,"column":4},"end":{"line":33,"column":58}},"type":"if","locations":[{"start":{"line":32,"column":4},"end":{"line":33,"column":58}},{"start":{"line":32,"column":4},"end":{"line":33,"column":58}}],"line":32},"20":{"loc":{"start":{"line":34,"column":4},"end":{"line":34,"column":68}},"type":"if","locations":[{"start":{"line":34,"column":4},"end":{"line":34,"column":68}},{"start":{"line":34,"column":4},"end":{"line":34,"column":68}}],"line":34},"21":{"loc":{"start":{"line":36,"column":4},"end":{"line":36,"column":56}},"type":"if","locations":[{"start":{"line":36,"column":4},"end":{"line":36,"column":56}},{"start":{"line":36,"column":4},"end":{"line":36,"column":56}}],"line":36},"22":{"loc":{"start":{"line":37,"column":4},"end":{"line":37,"column":75}},"type":"if","locations":[{"start":{"line":37,"column":4},"end":{"line":37,"column":75}},{"start":{"line":37,"column":4},"end":{"line":37,"column":75}}],"line":37},"23":{"loc":{"start":{"line":38,"column":4},"end":{"line":38,"column":79}},"type":"if","locations":[{"start":{"line":38,"column":4},"end":{"line":38,"column":79}},{"start":{"line":38,"column":4},"end":{"line":38,"column":79}}],"line":38},"24":{"loc":{"start":{"line":40,"column":4},"end":{"line":40,"column":56}},"type":"if","locations":[{"start":{"line":40,"column":4},"end":{"line":40,"column":56}},{"start":{"line":40,"column":4},"end":{"line":40,"column":56}}],"line":40},"25":{"loc":{"start":{"line":41,"column":4},"end":{"line":42,"column":47}},"type":"if","locations":[{"start":{"line":41,"column":4},"end":{"line":42,"column":47}},{"start":{"line":41,"column":4},"end":{"line":42,"column":47}}],"line":41},"26":{"loc":{"start":{"line":43,"column":4},"end":{"line":43,"column":65}},"type":"if","locations":[{"start":{"line":43,"column":4},"end":{"line":43,"column":65}},{"start":{"line":43,"column":4},"end":{"line":43,"column":65}}],"line":43},"27":{"loc":{"start":{"line":44,"column":4},"end":{"line":45,"column":54}},"type":"if","locations":[{"start":{"line":44,"column":4},"end":{"line":45,"column":54}},{"start":{"line":44,"column":4},"end":{"line":45,"column":54}}],"line":44},"28":{"loc":{"start":{"line":44,"column":8},"end":{"line":44,"column":61}},"type":"binary-expr","locations":[{"start":{"line":44,"column":8},"end":{"line":44,"column":16}},{"start":{"line":44,"column":20},"end":{"line":44,"column":38}},{"start":{"line":44,"column":42},"end":{"line":44,"column":61}}],"line":44},"29":{"loc":{"start":{"line":46,"column":4},"end":{"line":46,"column":72}},"type":"if","locations":[{"start":{"line":46,"column":4},"end":{"line":46,"column":72}},{"start":{"line":46,"column":4},"end":{"line":46,"column":72}}],"line":46},"30":{"loc":{"start":{"line":47,"column":4},"end":{"line":48,"column":54}},"type":"if","locations":[{"start":{"line":47,"column":4},"end":{"line":48,"column":54}},{"start":{"line":47,"column":4},"end":{"line":48,"column":54}}],"line":47},"31":{"loc":{"start":{"line":47,"column":8},"end":{"line":47,"column":75}},"type":"binary-expr","locations":[{"start":{"line":47,"column":8},"end":{"line":47,"column":16}},{"start":{"line":47,"column":20},"end":{"line":47,"column":45}},{"start":{"line":47,"column":49},"end":{"line":47,"column":75}}],"line":47},"32":{"loc":{"start":{"line":81,"column":4},"end":{"line":81,"column":56}},"type":"if","locations":[{"start":{"line":81,"column":4},"end":{"line":81,"column":56}},{"start":{"line":81,"column":4},"end":{"line":81,"column":56}}],"line":81},"33":{"loc":{"start":{"line":82,"column":4},"end":{"line":82,"column":56}},"type":"if","locations":[{"start":{"line":82,"column":4},"end":{"line":82,"column":56}},{"start":{"line":82,"column":4},"end":{"line":82,"column":56}}],"line":82},"34":{"loc":{"start":{"line":83,"column":4},"end":{"line":83,"column":59}},"type":"if","locations":[{"start":{"line":83,"column":4},"end":{"line":83,"column":59}},{"start":{"line":83,"column":4},"end":{"line":83,"column":59}}],"line":83},"35":{"loc":{"start":{"line":84,"column":4},"end":{"line":84,"column":59}},"type":"if","locations":[{"start":{"line":84,"column":4},"end":{"line":84,"column":59}},{"start":{"line":84,"column":4},"end":{"line":84,"column":59}}],"line":84},"36":{"loc":{"start":{"line":85,"column":4},"end":{"line":85,"column":60}},"type":"if","locations":[{"start":{"line":85,"column":4},"end":{"line":85,"column":60}},{"start":{"line":85,"column":4},"end":{"line":85,"column":60}}],"line":85},"37":{"loc":{"start":{"line":86,"column":4},"end":{"line":86,"column":60}},"type":"if","locations":[{"start":{"line":86,"column":4},"end":{"line":86,"column":60}},{"start":{"line":86,"column":4},"end":{"line":86,"column":60}}],"line":86},"38":{"loc":{"start":{"line":87,"column":4},"end":{"line":88,"column":54}},"type":"if","locations":[{"start":{"line":87,"column":4},"end":{"line":88,"column":54}},{"start":{"line":87,"column":4},"end":{"line":88,"column":54}}],"line":87},"39":{"loc":{"start":{"line":87,"column":8},"end":{"line":87,"column":51}},"type":"binary-expr","locations":[{"start":{"line":87,"column":8},"end":{"line":87,"column":16}},{"start":{"line":87,"column":20},"end":{"line":87,"column":33}},{"start":{"line":87,"column":37},"end":{"line":87,"column":51}}],"line":87},"40":{"loc":{"start":{"line":89,"column":4},"end":{"line":90,"column":54}},"type":"if","locations":[{"start":{"line":89,"column":4},"end":{"line":90,"column":54}},{"start":{"line":89,"column":4},"end":{"line":90,"column":54}}],"line":89},"41":{"loc":{"start":{"line":89,"column":8},"end":{"line":89,"column":51}},"type":"binary-expr","locations":[{"start":{"line":89,"column":8},"end":{"line":89,"column":16}},{"start":{"line":89,"column":20},"end":{"line":89,"column":33}},{"start":{"line":89,"column":37},"end":{"line":89,"column":51}}],"line":89}},"s":{"0":1,"1":1,"2":0,"3":0,"4":0,"5":0,"6":0,"7":0,"8":0,"9":0,"10":0,"11":0,"12":0,"13":0,"14":0,"15":0,"16":0,"17":0,"18":0,"19":0,"20":0,"21":0,"22":0,"23":0,"24":0,"25":0,"26":0,"27":0,"28":0,"29":0,"30":0,"31":0,"32":0,"33":1,"34":0,"35":0,"36":0,"37":0,"38":0,"39":0,"40":0,"41":0,"42":0,"43":0,"44":0,"45":0,"46":0,"47":0,"48":0,"49":0,"50":0,"51":0,"52":0,"53":0,"54":0,"55":0,"56":0,"57":0,"58":0,"59":0,"60":0,"61":0,"62":0,"63":0,"64":0,"65":1,"66":0,"67":0,"68":0,"69":0,"70":0,"71":0,"72":0,"73":0,"74":0,"75":0,"76":0,"77":0,"78":0,"79":0,"80":0,"81":0,"82":0,"83":0,"84":0,"85":0,"86":0,"87":0,"88":0,"89":0,"90":0,"91":0,"92":0,"93":0,"94":1},"f":{"0":0,"1":0,"2":0},"b":{"0":[0,0],"1":[0,0],"2":[0,0],"3":[0,0],"4":[0,0],"5":[0,0],"6":[0,0],"7":[0,0],"8":[0,0],"9":[0,0],"10":[0,0],"11":[0,0],"12":[0,0,0],"13":[0,0],"14":[0,0],"15":[0,0,0],"16":[0,0],"17":[0,0],"18":[0,0],"19":[0,0],"20":[0,0],"21":[0,0],"22":[0,0],"23":[0,0],"24":[0,0],"25":[0,0],"26":[0,0],"27":[0,0],"28":[0,0,0],"29":[0,0],"30":[0,0],"31":[0,0,0],"32":[0,0],"33":[0,0],"34":[0,0],"35":[0,0],"36":[0,0],"37":[0,0],"38":[0,0],"39":[0,0,0],"40":[0,0],"41":[0,0,0]},"_coverageSchema":"1a1c01bbd47fc00a2c39e90264f33305004495a9","hash":"8a68fef1ce58e6d5ff1f4a028db867224279e7a0","contentHash":"6e45f6b8b7860ab92f8a81846b3f8db21d87c4fc7ac801bdbddaafc31acb1732"},"C:\\Users\\felix\\Desktop\\moto\\bitcoin\\src\\ops.js":{"path":"C:\\Users\\felix\\Desktop\\moto\\bitcoin\\src\\ops.js","statementMap":{"0":{"start":{"line":2,"column":0},"end":{"line":2,"column":62}},"1":{"start":{"line":3,"column":0},"end":{"line":3,"column":43}},"2":{"start":{"line":4,"column":12},"end":{"line":124,"column":1}},"3":{"start":{"line":125,"column":0},"end":{"line":125,"column":18}},"4":{"start":{"line":126,"column":20},"end":{"line":126,"column":22}},"5":{"start":{"line":127,"column":0},"end":{"line":127,"column":34}},"6":{"start":{"line":128,"column":0},"end":{"line":131,"column":1}},"7":{"start":{"line":129,"column":17},"end":{"line":129,"column":24}},"8":{"start":{"line":130,"column":4},"end":{"line":130,"column":27}}},"fnMap":{},"branchMap":{},"s":{"0":1,"1":1,"2":1,"3":1,"4":1,"5":1,"6":1,"7":119,"8":119},"f":{},"b":{},"_coverageSchema":"1a1c01bbd47fc00a2c39e90264f33305004495a9","hash":"0c8a4eed84bfd5dae7217dc9752dff32e8ef9134","contentHash":"0d0907253f023001624624471b2444e9204aa3f6156103d203bcd1fcffee3a50"},"C:\\Users\\felix\\Desktop\\moto\\bitcoin\\src\\push_data.js":{"path":"C:\\Users\\felix\\Desktop\\moto\\bitcoin\\src\\push_data.js","statementMap":{"0":{"start":{"line":2,"column":0},"end":{"line":2,"column":62}},"1":{"start":{"line":3,"column":0},"end":{"line":3,"column":66}},"2":{"start":{"line":4,"column":14},"end":{"line":4,"column":30}},"3":{"start":{"line":11,"column":4},"end":{"line":11,"column":80}},"4":{"start":{"line":13,"column":0},"end":{"line":13,"column":40}},"5":{"start":{"line":25,"column":17},"end":{"line":25,"column":36}},"6":{"start":{"line":27,"column":4},"end":{"line":41,"column":5}},"7":{"start":{"line":28,"column":8},"end":{"line":28,"column":39}},"8":{"start":{"line":30,"column":11},"end":{"line":41,"column":5}},"9":{"start":{"line":31,"column":8},"end":{"line":31,"column":58}},"10":{"start":{"line":32,"column":8},"end":{"line":32,"column":43}},"11":{"start":{"line":34,"column":11},"end":{"line":41,"column":5}},"12":{"start":{"line":35,"column":8},"end":{"line":35,"column":58}},"13":{"start":{"line":36,"column":8},"end":{"line":36,"column":46}},"14":{"start":{"line":39,"column":8},"end":{"line":39,"column":58}},"15":{"start":{"line":40,"column":8},"end":{"line":40,"column":46}},"16":{"start":{"line":42,"column":4},"end":{"line":42,"column":16}},"17":{"start":{"line":44,"column":0},"end":{"line":44,"column":24}},"18":{"start":{"line":52,"column":19},"end":{"line":52,"column":43}},"19":{"start":{"line":56,"column":4},"end":{"line":76,"column":5}},"20":{"start":{"line":57,"column":8},"end":{"line":57,"column":21}},"21":{"start":{"line":58,"column":8},"end":{"line":58,"column":17}},"22":{"start":{"line":60,"column":11},"end":{"line":76,"column":5}},"23":{"start":{"line":61,"column":8},"end":{"line":61,"column":52}},"24":{"start":{"line":61,"column":40},"end":{"line":61,"column":52}},"25":{"start":{"line":62,"column":8},"end":{"line":62,"column":43}},"26":{"start":{"line":63,"column":8},"end":{"line":63,"column":17}},"27":{"start":{"line":65,"column":11},"end":{"line":76,"column":5}},"28":{"start":{"line":66,"column":8},"end":{"line":66,"column":52}},"29":{"start":{"line":66,"column":40},"end":{"line":66,"column":52}},"30":{"start":{"line":67,"column":8},"end":{"line":67,"column":46}},"31":{"start":{"line":68,"column":8},"end":{"line":68,"column":17}},"32":{"start":{"line":71,"column":8},"end":{"line":71,"column":52}},"33":{"start":{"line":71,"column":40},"end":{"line":71,"column":52}},"34":{"start":{"line":72,"column":8},"end":{"line":73,"column":49}},"35":{"start":{"line":73,"column":12},"end":{"line":73,"column":49}},"36":{"start":{"line":74,"column":8},"end":{"line":74,"column":46}},"37":{"start":{"line":75,"column":8},"end":{"line":75,"column":17}},"38":{"start":{"line":77,"column":4},"end":{"line":81,"column":6}},"39":{"start":{"line":83,"column":0},"end":{"line":83,"column":24}}},"fnMap":{"0":{"name":"encodingLength","decl":{"start":{"line":10,"column":9},"end":{"line":10,"column":23}},"loc":{"start":{"line":10,"column":27},"end":{"line":12,"column":1}},"line":10},"1":{"name":"encode","decl":{"start":{"line":24,"column":9},"end":{"line":24,"column":15}},"loc":{"start":{"line":24,"column":37},"end":{"line":43,"column":1}},"line":24},"2":{"name":"decode","decl":{"start":{"line":51,"column":9},"end":{"line":51,"column":15}},"loc":{"start":{"line":51,"column":32},"end":{"line":82,"column":1}},"line":51}},"branchMap":{"0":{"loc":{"start":{"line":11,"column":11},"end":{"line":11,"column":79}},"type":"cond-expr","locations":[{"start":{"line":11,"column":40},"end":{"line":11,"column":41}},{"start":{"line":11,"column":44},"end":{"line":11,"column":79}}],"line":11},"1":{"loc":{"start":{"line":11,"column":44},"end":{"line":11,"column":79}},"type":"cond-expr","locations":[{"start":{"line":11,"column":56},"end":{"line":11,"column":57}},{"start":{"line":11,"column":60},"end":{"line":11,"column":79}}],"line":11},"2":{"loc":{"start":{"line":11,"column":60},"end":{"line":11,"column":79}},"type":"cond-expr","locations":[{"start":{"line":11,"column":74},"end":{"line":11,"column":75}},{"start":{"line":11,"column":78},"end":{"line":11,"column":79}}],"line":11},"3":{"loc":{"start":{"line":27,"column":4},"end":{"line":41,"column":5}},"type":"if","locations":[{"start":{"line":27,"column":4},"end":{"line":41,"column":5}},{"start":{"line":27,"column":4},"end":{"line":41,"column":5}}],"line":27},"4":{"loc":{"start":{"line":30,"column":11},"end":{"line":41,"column":5}},"type":"if","locations":[{"start":{"line":30,"column":11},"end":{"line":41,"column":5}},{"start":{"line":30,"column":11},"end":{"line":41,"column":5}}],"line":30},"5":{"loc":{"start":{"line":34,"column":11},"end":{"line":41,"column":5}},"type":"if","locations":[{"start":{"line":34,"column":11},"end":{"line":41,"column":5}},{"start":{"line":34,"column":11},"end":{"line":41,"column":5}}],"line":34},"6":{"loc":{"start":{"line":56,"column":4},"end":{"line":76,"column":5}},"type":"if","locations":[{"start":{"line":56,"column":4},"end":{"line":76,"column":5}},{"start":{"line":56,"column":4},"end":{"line":76,"column":5}}],"line":56},"7":{"loc":{"start":{"line":60,"column":11},"end":{"line":76,"column":5}},"type":"if","locations":[{"start":{"line":60,"column":11},"end":{"line":76,"column":5}},{"start":{"line":60,"column":11},"end":{"line":76,"column":5}}],"line":60},"8":{"loc":{"start":{"line":61,"column":8},"end":{"line":61,"column":52}},"type":"if","locations":[{"start":{"line":61,"column":8},"end":{"line":61,"column":52}},{"start":{"line":61,"column":8},"end":{"line":61,"column":52}}],"line":61},"9":{"loc":{"start":{"line":65,"column":11},"end":{"line":76,"column":5}},"type":"if","locations":[{"start":{"line":65,"column":11},"end":{"line":76,"column":5}},{"start":{"line":65,"column":11},"end":{"line":76,"column":5}}],"line":65},"10":{"loc":{"start":{"line":66,"column":8},"end":{"line":66,"column":52}},"type":"if","locations":[{"start":{"line":66,"column":8},"end":{"line":66,"column":52}},{"start":{"line":66,"column":8},"end":{"line":66,"column":52}}],"line":66},"11":{"loc":{"start":{"line":71,"column":8},"end":{"line":71,"column":52}},"type":"if","locations":[{"start":{"line":71,"column":8},"end":{"line":71,"column":52}},{"start":{"line":71,"column":8},"end":{"line":71,"column":52}}],"line":71},"12":{"loc":{"start":{"line":72,"column":8},"end":{"line":73,"column":49}},"type":"if","locations":[{"start":{"line":72,"column":8},"end":{"line":73,"column":49}},{"start":{"line":72,"column":8},"end":{"line":73,"column":49}}],"line":72}},"s":{"0":1,"1":1,"2":1,"3":0,"4":1,"5":0,"6":0,"7":0,"8":0,"9":0,"10":0,"11":0,"12":0,"13":0,"14":0,"15":0,"16":0,"17":1,"18":0,"19":0,"20":0,"21":0,"22":0,"23":0,"24":0,"25":0,"26":0,"27":0,"28":0,"29":0,"30":0,"31":0,"32":0,"33":0,"34":0,"35":0,"36":0,"37":0,"38":0,"39":1},"f":{"0":0,"1":0,"2":0},"b":{"0":[0,0],"1":[0,0],"2":[0,0],"3":[0,0],"4":[0,0],"5":[0,0],"6":[0,0],"7":[0,0],"8":[0,0],"9":[0,0],"10":[0,0],"11":[0,0],"12":[0,0]},"_coverageSchema":"1a1c01bbd47fc00a2c39e90264f33305004495a9","hash":"cf4dc5238e9dbc7db3d1f898fd1368064710d4c2","contentHash":"73da60391aed3d8aeea37f87e0e269a1bebd5f2bb760c2c283fd5a7666c823d3"},"C:\\Users\\felix\\Desktop\\moto\\bitcoin\\src\\script_number.js":{"path":"C:\\Users\\felix\\Desktop\\moto\\bitcoin\\src\\script_number.js","statementMap":{"0":{"start":{"line":2,"column":0},"end":{"line":2,"column":62}},"1":{"start":{"line":3,"column":0},"end":{"line":3,"column":41}},"2":{"start":{"line":15,"column":4},"end":{"line":15,"column":31}},"3":{"start":{"line":16,"column":4},"end":{"line":16,"column":53}},"4":{"start":{"line":17,"column":19},"end":{"line":17,"column":32}},"5":{"start":{"line":18,"column":4},"end":{"line":18,"column":31}},"6":{"start":{"line":18,"column":22},"end":{"line":18,"column":31}},"7":{"start":{"line":19,"column":4},"end":{"line":19,"column":74}},"8":{"start":{"line":19,"column":28},"end":{"line":19,"column":74}},"9":{"start":{"line":20,"column":4},"end":{"line":25,"column":5}},"10":{"start":{"line":21,"column":8},"end":{"line":24,"column":9}},"11":{"start":{"line":22,"column":12},"end":{"line":23,"column":71}},"12":{"start":{"line":23,"column":16},"end":{"line":23,"column":71}},"13":{"start":{"line":27,"column":4},"end":{"line":32,"column":5}},"14":{"start":{"line":28,"column":18},"end":{"line":28,"column":40}},"15":{"start":{"line":29,"column":18},"end":{"line":29,"column":37}},"16":{"start":{"line":30,"column":8},"end":{"line":30,"column":62}},"17":{"start":{"line":30,"column":22},"end":{"line":30,"column":62}},"18":{"start":{"line":31,"column":8},"end":{"line":31,"column":35}},"19":{"start":{"line":34,"column":17},"end":{"line":34,"column":18}},"20":{"start":{"line":35,"column":4},"end":{"line":37,"column":5}},"21":{"start":{"line":35,"column":17},"end":{"line":35,"column":18}},"22":{"start":{"line":36,"column":8},"end":{"line":36,"column":39}},"23":{"start":{"line":38,"column":4},"end":{"line":39,"column":57}},"24":{"start":{"line":39,"column":8},"end":{"line":39,"column":57}},"25":{"start":{"line":40,"column":4},"end":{"line":40,"column":18}},"26":{"start":{"line":42,"column":0},"end":{"line":42,"column":24}},"27":{"start":{"line":44,"column":4},"end":{"line":54,"column":12}},"28":{"start":{"line":63,"column":16},"end":{"line":63,"column":33}},"29":{"start":{"line":64,"column":17},"end":{"line":64,"column":37}},"30":{"start":{"line":65,"column":19},"end":{"line":65,"column":43}},"31":{"start":{"line":66,"column":21},"end":{"line":66,"column":32}},"32":{"start":{"line":67,"column":4},"end":{"line":70,"column":5}},"33":{"start":{"line":67,"column":17},"end":{"line":67,"column":18}},"34":{"start":{"line":68,"column":8},"end":{"line":68,"column":43}},"35":{"start":{"line":69,"column":8},"end":{"line":69,"column":20}},"36":{"start":{"line":71,"column":4},"end":{"line":75,"column":5}},"37":{"start":{"line":72,"column":8},"end":{"line":72,"column":60}},"38":{"start":{"line":73,"column":11},"end":{"line":75,"column":5}},"39":{"start":{"line":74,"column":8},"end":{"line":74,"column":33}},"40":{"start":{"line":76,"column":4},"end":{"line":76,"column":18}},"41":{"start":{"line":78,"column":0},"end":{"line":78,"column":24}}},"fnMap":{"0":{"name":"decode","decl":{"start":{"line":14,"column":9},"end":{"line":14,"column":15}},"loc":{"start":{"line":14,"column":44},"end":{"line":41,"column":1}},"line":14},"1":{"name":"scriptNumSize","decl":{"start":{"line":43,"column":9},"end":{"line":43,"column":22}},"loc":{"start":{"line":43,"column":26},"end":{"line":55,"column":1}},"line":43},"2":{"name":"encode","decl":{"start":{"line":62,"column":9},"end":{"line":62,"column":15}},"loc":{"start":{"line":62,"column":25},"end":{"line":77,"column":1}},"line":62}},"branchMap":{"0":{"loc":{"start":{"line":15,"column":16},"end":{"line":15,"column":30}},"type":"binary-expr","locations":[{"start":{"line":15,"column":16},"end":{"line":15,"column":25}},{"start":{"line":15,"column":29},"end":{"line":15,"column":30}}],"line":15},"1":{"loc":{"start":{"line":16,"column":14},"end":{"line":16,"column":52}},"type":"cond-expr","loc
[...]
{"line":26,"column":20},"end":{"line":26,"column":47}},"9":{"start":{"line":28,"column":4},"end":{"line":35,"column":6}},"10":{"start":{"line":29,"column":8},"end":{"line":34,"column":9}},"11":{"start":{"line":30,"column":12},"end":{"line":30,"column":40}},"12":{"start":{"line":31,"column":12},"end":{"line":31,"column":24}},"13":{"start":{"line":33,"column":12},"end":{"line":33,"column":25}},"14":{"start":{"line":37,"column":0},"end":{"line":37,"column":49}},"15":{"start":{"line":38,"column":0},"end":{"line":38,"column":49}},"16":{"start":{"line":39,"column":0},"end":{"line":39,"column":51}},"17":{"start":{"line":40,"column":0},"end":{"line":40,"column":53}},"18":{"start":{"line":41,"column":0},"end":{"line":41,"column":57}},"19":{"start":{"line":42,"column":0},"end":{"line":42,"column":55}},"20":{"start":{"line":43,"column":0},"end":{"line":43,"column":49}},"21":{"start":{"line":55,"column":17},"end":{"line":55,"column":38}},"22":{"start":{"line":57,"column":8},"end":{"line":57,"column":61}},"23":{"start":{"line":60,"column":27},"end":{"line":60,"column":40}},"24":{"start":{"line":61,"column":26},"end":{"line":61,"column":51}},"25":{"start":{"line":62,"column":8},"end":{"line":62,"column":72}},"26":{"start":{"line":63,"column":8},"end":{"line":63,"column":46}},"27":{"start":{"line":66,"column":8},"end":{"line":66,"column":34}},"28":{"start":{"line":67,"column":8},"end":{"line":67,"column":26}},"29":{"start":{"line":70,"column":8},"end":{"line":70,"column":35}},"30":{"start":{"line":71,"column":8},"end":{"line":71,"column":38}},"31":{"start":{"line":73,"column":4},"end":{"line":73,"column":25}},"32":{"start":{"line":74,"column":4},"end":{"line":74,"column":18}},"33":{"start":{"line":76,"column":0},"end":{"line":76,"column":66}},"34":{"start":{"line":85,"column":4},"end":{"line":89,"column":5}},"35":{"start":{"line":86,"column":8},"end":{"line":88,"column":10}},"36":{"start":{"line":93,"column":4},"end":{"line":97,"column":5}},"37":{"start":{"line":94,"column":8},"end":{"line":94,"column":64}},"38":{"start":{"line":96,"column":8},"end":{"line":96,"column":77}},"39":{"start":{"line":99,"column":17},"end":{"line":99,"column":41}},"40":{"start":{"line":100,"column":17},"end":{"line":100,"column":41}},"41":{"start":{"line":104,"column":19},"end":{"line":104,"column":38}},"42":{"start":{"line":105,"column":19},"end":{"line":105,"column":39}},"43":{"start":{"line":108,"column":25},"end":{"line":108,"column":41}},"44":{"start":{"line":109,"column":4},"end":{"line":109,"column":29}},"45":{"start":{"line":110,"column":4},"end":{"line":110,"column":31}},"46":{"start":{"line":111,"column":4},"end":{"line":111,"column":32}},"47":{"start":{"line":112,"column":31},"end":{"line":112,"column":79}},"48":{"start":{"line":113,"column":4},"end":{"line":116,"column":6}},"49":{"start":{"line":118,"column":0},"end":{"line":118,"column":62}},"50":{"start":{"line":123,"column":14},"end":{"line":123,"column":30}},"51":{"start":{"line":125,"column":4},"end":{"line":125,"column":32}},"52":{"start":{"line":127,"column":4},"end":{"line":129,"column":5}},"53":{"start":{"line":128,"column":8},"end":{"line":128,"column":29}},"54":{"start":{"line":130,"column":4},"end":{"line":130,"column":35}},"55":{"start":{"line":132,"column":0},"end":{"line":132,"column":42}},"56":{"start":{"line":139,"column":4},"end":{"line":139,"column":33}},"57":{"start":{"line":139,"column":21},"end":{"line":139,"column":33}},"58":{"start":{"line":141,"column":4},"end":{"line":148,"column":5}},"59":{"start":{"line":142,"column":22},"end":{"line":142,"column":36}},"60":{"start":{"line":143,"column":22},"end":{"line":143,"column":36}},"61":{"start":{"line":145,"column":8},"end":{"line":145,"column":68}},"62":{"start":{"line":145,"column":52},"end":{"line":145,"column":68}},"63":{"start":{"line":146,"column":8},"end":{"line":146,"column":68}},"64":{"start":{"line":146,"column":52},"end":{"line":146,"column":68}},"65":{"start":{"line":147,"column":8},"end":{"line":147,"column":35}},"66":{"start":{"line":149,"column":4},"end":{"line":149,"column":17}},"67":{"start":{"line":151,"column":0},"end":{"line":151,"column":36}},"68":{"start":{"line":161,"column":23},"end":{"line":161,"column":56}},"69":{"start":{"line":163,"column":24},"end":{"line":163,"column":56}},"70":{"start":{"line":164,"column":25},"end":{"line":164,"column":58}},"71":{"start":{"line":165,"column":23},"end":{"line":165,"column":48}},"72":{"start":{"line":166,"column":4},"end":{"line":166,"column":69}},"73":{"start":{"line":166,"column":29},"end":{"line":166,"column":69}},"74":{"start":{"line":167,"column":4},"end":{"line":180,"column":7}},"75":{"start":{"line":169,"column":8},"end":{"line":169,"column":54}},"76":{"start":{"line":169,"column":41},"end":{"line":169,"column":54}},"77":{"start":{"line":171,"column":8},"end":{"line":171,"column":55}},"78":{"start":{"line":171,"column":43},"end":{"line":171,"column":55}},"79":{"start":{"line":173,"column":8},"end":{"line":173,"column":60}},"80":{"start":{"line":173,"column":48},"end":{"line":173,"column":60}},"81":{"start":{"line":175,"column":8},"end":{"line":175,"column":74}},"82":{"start":{"line":175,"column":62},"end":{"line":175,"column":74}},"83":{"start":{"line":177,"column":8},"end":{"line":177,"column":68}},"84":{"start":{"line":177,"column":56},"end":{"line":177,"column":68}},"85":{"start":{"line":179,"column":8},"end":{"line":179,"column":42}},"86":{"start":{"line":182,"column":0},"end":{"line":182,"column":56}},"87":{"start":{"line":190,"column":4},"end":{"line":190,"column":57}},"88":{"start":{"line":192,"column":0},"end":{"line":192,"column":40}},"89":{"start":{"line":200,"column":18},"end":{"line":200,"column":43}},"90":{"start":{"line":201,"column":4},"end":{"line":203,"column":6}},"91":{"start":{"line":202,"column":8},"end":{"line":202,"column":69}},"92":{"start":{"line":205,"column":0},"end":{"line":205,"column":44}},"93":{"start":{"line":214,"column":25},"end":{"line":214,"column":53}},"94":{"start":{"line":215,"column":22},"end":{"line":215,"column":24}},"95":{"start":{"line":217,"column":8},"end":{"line":217,"column":65}},"96":{"start":{"line":218,"column":4},"end":{"line":218,"column":51}},"97":{"start":{"line":218,"column":24},"end":{"line":218,"column":51}},"98":{"start":{"line":219,"column":20},"end":{"line":219,"column":35}},"99":{"start":{"line":220,"column":4},"end":{"line":228,"column":5}},"100":{"start":{"line":222,"column":12},"end":{"line":222,"column":18}},"101":{"start":{"line":225,"column":12},"end":{"line":225,"column":40}},"102":{"start":{"line":226,"column":12},"end":{"line":226,"column":47}},"103":{"start":{"line":227,"column":12},"end":{"line":227,"column":18}},"104":{"start":{"line":229,"column":4},"end":{"line":229,"column":44}},"105":{"start":{"line":231,"column":0},"end":{"line":231,"column":54}},"106":{"start":{"line":243,"column":16},"end":{"line":243,"column":18}},"107":{"start":{"line":244,"column":4},"end":{"line":249,"column":5}},"108":{"start":{"line":245,"column":8},"end":{"line":245,"column":74}},"109":{"start":{"line":245,"column":64},"end":{"line":245,"column":74}},"110":{"start":{"line":246,"column":8},"end":{"line":246,"column":53}},"111":{"start":{"line":248,"column":8},"end":{"line":248,"column":33}},"112":{"start":{"line":250,"column":4},"end":{"line":250,"column":39}},"113":{"start":{"line":250,"column":26},"end":{"line":250,"column":37}},"114":{"start":{"line":261,"column":24},"end":{"line":263,"column":55}},"115":{"start":{"line":264,"column":25},"end":{"line":266,"column":59}},"116":{"start":{"line":267,"column":4},"end":{"line":275,"column":42}},"117":{"start":{"line":270,"column":12},"end":{"line":273,"column":14}},"118":{"start":{"line":275,"column":21},"end":{"line":275,"column":39}},"119":{"start":{"line":277,"column":0},"end":{"line":277,"column":70}}},"fnMap":{"0":{"name":"isPaymentFactory","decl":{"start":{"line":27,"column":9},"end":{"line":27,"column":25}},"loc":{"start":{"line":27,"column":35},"end":{"line":36,"column":1}},"line":27},"1":{"name":"(anonymous_1)","decl":{"start":{"line":28,"column":11},"end":{"line":28,"column":12}},"loc":{"start":{"line":28,"column":21},"end":{"line":35,"column":5}},"line":28},"2":{"name":"witnessStackToScriptWitness","decl":{"start":{"line":54,"column":9},"end":{"line":54,"column":36}},"loc":{"start":{"line":54,"column":46},"end":{"line":75,"column":1}},"line":54},"3":{"name":"writeSlice","decl":{"start":{"line":56,"column":13},"end":{"line":56,"column":23}},"loc":{"start":{"line":56,"column":31},"end":{"line":58,"column":5}},"line":56},"4":{"name":"writeVarInt","decl":{"start":{"line":59,"column":13},"end":{"line":59,"column":24}},"loc":{"start":{"line":59,"column":28},"end":{"line":64,"column":5}},"line":59},"5":{"name":"writeVarSlice","decl":{"start":{"line":65,"column":13},"end":{"line":65,"column":26}},"loc":{"start":{"line":65,"column":34},"end":{"line":68,"column":5}},"line":65},"6":{"name":"writeVector","decl":{"start":{"line":69,"column":13},"end":{"line":69,"column":24}},"loc":{"start":{"line":69,"column":33},"end":{"line":72,"column":5}},"line":69},"7":{"name":"getHybridPubKeyAndAddress","decl":{"start":{"line":84,"column":9},"end":{"line":84,"column":34}},"loc":{"start":{"line":84,"column":47},"end":{"line":117,"column":1}},"line":84},"8":{"name":"bigIntTo32Bytes","decl":{"start":{"line":122,"column":9},"end":{"line":122,"column":24}},"loc":{"start":{"line":122,"column":30},"end":{"line":131,"column":1}},"line":122},"9":{"name":"pubkeysMatch","decl":{"start":{"line":137,"column":9},"end":{"line":137,"column":21}},"loc":{"start":{"line":137,"column":28},"end":{"line":150,"column":1}},"line":137},"10":{"name":"pubkeyPositionInScript","decl":{"start":{"line":159,"column":9},"end":{"line":159,"column":31}},"loc":{"start":{"line":159,"column":48},"end":{"line":181,"column":1}},"line":159},"11":{"name":"(anonymous_11)","decl":{"start":{"line":167,"column":32},"end":{"line":167,"column":33}},"loc":{"start":{"line":167,"column":43},"end":{"line":180,"column":5}},"line":167},"12":{"name":"pubkeyInScript","decl":{"start":{"line":189,"column":9},"end":{"line":189,"column":23}},"loc":{"start":{"line":189,"column":40},"end":{"line":191,"column":1}},"line":189},"13":{"name":"checkInputForSig","decl":{"start":{"line":199,"column":9},"end":{"line":199,"column":25}},"loc":{"start":{"line":199,"column":41},"end":{"line":204,"column":1}},"line":199},"14":{"name":"(anonymous_14)","decl":{"start":{"line":201,"column":22},"end":{"line":201,"column":23}},"loc":{"start":{"line":202,"column":8},"end":{"line":202,"column":69}},"line":202},"15":{"name":"signatureBlocksAction","decl":{"start":{"line":213,"column":9},"end":{"line":213,"column":30}},"loc":{"start":{"line":213,"column":69},"end":{"line":230,"column":1}},"line":213},"16":{"name":"extractPartialSigs","decl":{"start":{"line":242,"column":9},"end":{"line":242,"column":27}},"loc":{"start":{"line":242,"column":35},"end":{"line":251,"column":1}},"line":242},"17":{"name":"(anonymous_17)","decl":{"start":{"line":250,"column":21},"end":{"line":250,"column":22}},"loc":{"start":{"line":250,"column":26},"end":{"line":250,"column":37}},"line":250},"18":{"name":"getPsigsFromInputFinalScripts","decl":{"start":{"line":260,"column":9},"end":{"line":260,"column":38}},"loc":{"start":{"line":260,"column":46},"end":{"line":276,"column":1}},"line":260},"19":{"name":"(anonymous_19)","decl":{"start":{"line":269,"column":16},"end":{"line":269,"column":17}},"loc":{"start":{"line":269,"column":24},"end":{"line":274,"column":9}},"line":269},"20":{"name":"(anonymous_20)","decl":{"start":{"line":275,"column":13},"end":{"line":275,"column":14}},"loc":{"start":{"line":275,"column":21},"end":{"line":275,"column":39}},"line":275}},"branchMap":{"0":{"loc":{"start":{"line":85,"column":4},"end":{"line":89,"column":5}},"type":"if","locations":[{"start":{"line":85,"column":4},"end":{"line":89,"column":5}},{"start":{"line":85,"column":4},"end":{"line":89,"column":5}}],"line":85},"1":{"loc":{"start":{"line":105,"column":19},"end":{"line":105,"column":39}},"type":"cond-expr","locations":[{"start":{"line":105,"column":28},"end":{"line":105,"column":32}},{"start":{"line":105,"column":35},"end":{"line":105,"column":39}}],"line":105},"2":{"loc":{"start":{"line":127,"column":4},"end":{"line":129,"column":5}},"type":"if","locations":[{"start":{"line":127,"column":4},"end":{"line":129,"column":5}},{"start":{"line":127,"column":4},"end":{"line":129,"column":5}}],"line":127},"3":{"loc":{"start":{"line":139,"column":4},"end":{"line":139,"column":33}},"type":"if","locations":[{"start":{"line":139,"column":4},"end":{"line":139,"column":33}},{"start":{"line":139,"column":4},"end":{"line":139,"column":33}}],"line":139},"4":{"loc":{"start":{"line":141,"column":4},"end":{"line":148,"column":5}},"type":"if","locations":[{"start":{"line":141,"column":4},"end":{"line":148,"column":5}},{"start":{"line":141,"column":4},"end":{"line":148,"column":5}}],"line":141},"5":{"loc":{"start":{"line":141,"column":8},"end":{"line":141,"column":42}},"type":"binary-expr","locations":[{"start":{"line":141,"column":8},"end":{"line":141,"column":23}},{"start":{"line":141,"column":27},"end":{"line":141,"column":42}}],"line":141},"6":{"loc":{"start":{"line":145,"column":8},"end":{"line":145,"column":68}},"type":"if","locations":[{"start":{"line":145,"column":8},"end":{"line":145,"column":68}},{"start":{"line":145,"column":8},"end":{"line":145,"column":68}}],"line":145},"7":{"loc":{"start":{"line":145,"column":12},"end":{"line":145,"column":50}},"type":"binary-expr","locations":[{"start":{"line":145,"column":12},"end":{"line":145,"column":29}},{"start":{"line":145,"column":33},"end":{"line":145,"column":50}}],"line":145},"8":{"loc":{"start":{"line":146,"column":8},"end":{"line":146,"column":68}},"type":"if","locations":[{"start":{"line":146,"column":8},"end":{"line":146,"column":68}},{"start":{"line":146,"column":8},"end":{"line":146,"column":68}}],"line":146},"9":{"loc":{"start":{"line":146,"column":12},"end":{"line":146,"column":50}},"type":"binary-expr","locations":[{"start":{"line":146,"column":12},"end":{"line":146,"column":29}},{"start":{"line":146,"column":33},"end":{"line":146,"column":50}}],"line":146},"10":{"loc":{"start":{"line":166,"column":4},"end":{"line":166,"column":69}},"type":"if","locations":[{"start":{"line":166,"column":4},"end":{"line":166,"column":69}},{"start":{"line":166,"column":4},"end":{"line":166,"column":69}}],"line":166},"11":{"loc":{"start":{"line":169,"column":8},"end":{"line":169,"column":54}},"type":"if","locations":[{"start":{"line":169,"column":8},"end":{"line":169,"column":54}},{"start":{"line":169,"column":8},"end":{"line":169,"column":54}}],"line":169},"12":{"loc":{"start":{"line":171,"column":8},"end":{"line":171,"column":55}},"type":"if","locations":[{"start":{"line":171,"column":8},"end":{"line":171,"column":55}},{"start":{"line":171,"column":8},"end":{"line":171,"column":55}}],"line":171},"13":{"loc":{"start":{"line":173,"column":8},"end":{"line":173,"column":60}},"type":"if","locations":[{"start":{"line":173,"column":8},"end":{"line":173,"column":60}},{"start":{"line":173,"column":8},"end":{"line":173,"column":60}}],"line":173},"14":{"loc":{"start":{"line":175,"column":8},"end":{"line":175,"column":74}},"type":"if","locations":[{"start":{"line":175,"column":8},"end":{"line":175,"column":74}},{"start":{"line":175,"column":8},"end":{"line":175,"column":74}}],"line":175},"15":{"loc":{"start":{"line":177,"column":8},"end":{"line":177,"column":68}},"type":"if","locations":[{"start":{"line":177,"column":8},"end":{"line":177,"column":68}},{"start":{"line":177,"column":8},"end":{"line":177,"column":68}}],"line":177},"16":{"loc":{"start":{"line":218,"column":4},"end":{"line":218,"column":51}},"type":"if","locations":[{"start":{"line":218,"column":4},"end":{"line":218,"column":51}},{"start":{"line":218,"column":4},"end":{"line":218,"column":51}}],"line":218},"17":{"loc":{"start":{"line":220,"column":4},"end":{"line":228,"column":5}},"type":"switch","locations":[{"start":{"line":221,"column":8},"end":{"line":222,"column":18}},{"start":{"line":223,"column":8},"end":{"line":223,"column":54}},{"start":{"line":224,"column":8},"end":{"line":227,"column":18}}],"line":220},"18":{"loc":{"start":{"line":244,"column":4},"end":{"line":249,"column":5}},"type":"if","locations":[{"start":{"line":244,"column":4},"end":{"line":249,"column":5}},{"start":{"line":244,"column":4},"end":{"line":249,"column":5}}],"line":244},"19":{"loc":{"start":{"line":244,"column":9},"end":{"line":244,"column":31}},"type":"binary-expr","locations":[{"start":{"line":244,"column":9},"end":{"line":244,"column":25}},{"start":{"line":244,"column":29},"end":{"line":244,"column":31}}],"line":244},"20":{"loc":{"start":{"line":245,"column":8},"end":{"line":245,"column":74}},"type":"if","locations":[{"start":{"line":245,"column":8},"end":{"line":245,"column":74}},{"start":{"line":245,"column":8},"end":{"line":245,"column":74}}],"line":245},"21":{"loc":{"start":{"line":245,"column":12},"end":{"line":245,"column":62}},"type":"binary-expr","locations":[{"start":{"line":245,"column":12},"end":{"line":245,"column":33}},{"start":{"line":245,"column":37},"end":{"line":245,"column":62}}],"line":245},"22":{"loc":{"start":{"line":261,"column":24},"end":{"line":263,"column":55}},"type":"cond-expr","locations":[{"start":{"line":262,"column":10},"end":{"line":262,"column":12}},{"start":{"line":263,"column":10},"end":{"line":263,"column":55}}],"line":261},"23":{"loc":{"start":{"line":263,"column":10},"end":{"line":263,"column":55}},"type":"binary-expr","locations":[{"start":{"line":263,"column":10},"end":{"line":263,"column":49}},{"start":{"line":263,"column":53},"end":{"line":263,"column":55}}],"line":263},"24":{"loc":{"start":{"line":264,"column":25},"end":{"line":266,"column":59}},"type":"cond-expr","locations":[{"start":{"line":265,"column":10},"end":{"line":265,"column":12}},{"start":{"line":266,"column":10},"end":{"line":266,"column":59}}],"line":264},"25":{"loc":{"start":{"line":266,"column":10},"end":{"line":266,"column":59}},"type":"binary-expr","locations":[{"start":{"line":266,"column":10},"end":{"line":266,"column":53}},{"start":{"line":266,"column":57},"end":{"line":266,"column":59}}],"line":266},"26":{"loc":{"start":{"line":271,"column":16},"end":{"line":272,"column":56}},"type":"binary-expr","locations":[{"start":{"line":271,"column":16},"end":{"line":271,"column":37}},{"start":{"line":272,"column":16},"end":{"line":272,"column":56}}],"line":271}},"s":{"0":1,"1":1,"2":1,"3":1,"4":1,"5":1,"6":1,"7":1,"8":1,"9":0,"10":0,"11":0,"12":0,"13":0,"14":0,"15":0,"16":0,"17":0,"18":0,"19":0,"20":0,"21":0,"22":0,"23":0,"24":0,"25":0,"26":0,"27":0,"28":0,"29":0,"30":0,"31":0,"32":0,"33":0,"34":0,"35":0,"36":0,"37":0,"38":0,"39":0,"40":0,"41":0,"42":0,"43":0,"44":0,"45":0,"46":0,"47":0,"48":0,"49":0,"50":0,"51":0,"52":0,"53":0,"54":0,"55":0,"56":0,"57":0,"58":0,"59":0,"60":0,"61":0,"62":0,"63":0,"64":0,"65":0,"66":0,"67":0,"68":0,"69":0,"70":0,"71":0,"72":0,"73":0,"74":0,"75":0,"76":0,"77":0,"78":0,"79":0,"80":0,"81":0,"82":0,"83":0,"84":0,"85":0,"86":0,"87":0,"88":0,"89":0,"90":0,"91":0,"92":0,"93":0,"94":0,"95":0,"96":0,"97":0,"98":0,"99":0,"100":0,"101":0,"102":0,"103":0,"104":0,"105":0,"106":0,"107":0,"108":0,"109":0,"110":0,"111":0,"112":0,"113":0,"114":0,"115":0,"116":0,"117":0,"118":0,"119":0},"f":{"0":0,"1":0,"2":0,"3":0,"4":0,"5":0,"6":0,"7":0,"8":0,"9":0,"10":0,"11":0,"12":0,"13":0,"14":0,"15":0,"16":0,"17":0,"18":0,"19":0,"20":0},"b":{"0":[0,0],"1":[0,0],"2":[0,0],"3":[0,0],"4":[0,0],"5":[0,0],"6":[0,0],"7":[0,0],"8":[0,0],"9":[0,0],"10":[0,0],"11":[0,0],"12":[0,0],"13":[0,0],"14":[0,0],"15":[0,0],"16":[0,0],"17":[0,0,0],"18":[0,0],"19":[0,0],"20":[0,0],"21":[0,0],"22":[0,0],"23":[0,0],"24":[0,0],"25":[0,0],"26":[0,0]},"_coverageSchema":"1a1c01bbd47fc00a2c39e90264f33305004495a9","hash":"e3836f3d0188721c417ce87abe186b522d80a606","contentHash":"d5822cc7085a11c3d79de421007ecbbe154cf23f03b9d4d184310f620ef51f34"}}